[30-Nov-2025 14:58:50 UTC] PHP Fatal error:  Failed to remove coroutine from the list in Unknown on line 0
Stack trace:
#0 {main}
[30-Nov-2025 14:58:50 UTC] PHP Warning:  Graceful shutdown mode was started in Unknown on line 0
[30-Nov-2025 15:03:01 UTC] PHP Fatal error:  Failed to remove coroutine from the list in Unknown on line 0
Stack trace:
#0 {main}
[30-Nov-2025 15:03:01 UTC] PHP Warning:  Graceful shutdown mode was started in Unknown on line 0
[30-Nov-2025 15:05:02 UTC] PHP Fatal error:  Failed to remove coroutine from the list in Unknown on line 0
Stack trace:
#0 {main}
[30-Nov-2025 15:05:02 UTC] PHP Warning:  Graceful shutdown mode was started in Unknown on line 0
[30-Nov-2025 15:05:07 UTC] PHP Fatal error:  Failed to remove coroutine from the list in Unknown on line 0
Stack trace:
#0 {main}
[30-Nov-2025 15:05:07 UTC] PHP Warning:  Graceful shutdown mode was started in Unknown on line 0
[30-Nov-2025 15:06:07 UTC] PHP Fatal error:  Failed to remove coroutine from the list in Unknown on line 0
Stack trace:
#0 {main}
[30-Nov-2025 15:06:07 UTC] PHP Warning:  Graceful shutdown mode was started in Unknown on line 0
[30-Nov-2025 15:06:37 UTC] PHP Fatal error:  Failed to remove coroutine from the list in Unknown on line 0
Stack trace:
#0 {main}
[30-Nov-2025 15:06:37 UTC] PHP Warning:  Graceful shutdown mode was started in Unknown on line 0
[30-Nov-2025 15:11:29 UTC] PHP Fatal error:  Failed to remove coroutine from the list in Unknown on line 0
Stack trace:
#0 {main}
[30-Nov-2025 15:11:29 UTC] PHP Warning:  Graceful shutdown mode was started in Unknown on line 0
[30-Nov-2025 15:13:03 UTC] PHP Fatal error:  Failed to remove coroutine from the list in Unknown on line 0
Stack trace:
#0 {main}
[30-Nov-2025 15:13:03 UTC] PHP Warning:  Graceful shutdown mode was started in Unknown on line 0
[02-Dec-2025 14:28:46 UTC] PHP Fatal error:  Failed to remove coroutine from the list in Unknown on line 0
Stack trace:
#0 {main}
[02-Dec-2025 14:28:46 UTC] PHP Warning:  Graceful shutdown mode was started in Unknown on line 0
[02-Dec-2025 14:28:49 UTC] PHP Fatal error:  Failed to remove coroutine from the list in Unknown on line 0
Stack trace:
#0 {main}
[02-Dec-2025 14:28:49 UTC] PHP Warning:  Graceful shutdown mode was started in Unknown on line 0
[02-Dec-2025 14:29:42 UTC] PHP Fatal error:  Failed to remove coroutine from the list in Unknown on line 0
Stack trace:
#0 {main}
[02-Dec-2025 14:29:42 UTC] PHP Warning:  Graceful shutdown mode was started in Unknown on line 0
[02-Dec-2025 14:32:09 UTC] PHP Fatal error:  Failed to remove coroutine from the list in Unknown on line 0
Stack trace:
#0 {main}
[02-Dec-2025 14:32:09 UTC] PHP Warning:  Graceful shutdown mode was started in Unknown on line 0
[02-Dec-2025 14:41:46 UTC] PHP Fatal error:  Failed to remove coroutine from the list in Unknown on line 0
Stack trace:
#0 {main}
[02-Dec-2025 14:41:46 UTC] PHP Warning:  Graceful shutdown mode was started in Unknown on line 0
[02-Dec-2025 14:46:28 UTC] PHP Fatal error:  Failed to remove coroutine from the list in Unknown on line 0
Stack trace:
#0 {main}
[02-Dec-2025 14:46:28 UTC] PHP Warning:  Graceful shutdown mode was started in Unknown on line 0
[02-Dec-2025 14:48:03 UTC] PHP Fatal error:  Failed to remove coroutine from the list in Unknown on line 0
Stack trace:
#0 {main}
[02-Dec-2025 14:48:03 UTC] PHP Warning:  Graceful shutdown mode was started in Unknown on line 0
[02-Dec-2025 14:48:22 UTC] PHP Fatal error:  Failed to remove coroutine from the list in Unknown on line 0
Stack trace:
#0 {main}
[02-Dec-2025 14:48:22 UTC] PHP Warning:  Graceful shutdown mode was started in Unknown on line 0
[02-Dec-2025 14:48:45 UTC] PHP Fatal error:  Failed to remove coroutine from the list in Unknown on line 0
Stack trace:
#0 {main}
[02-Dec-2025 14:48:45 UTC] PHP Warning:  Graceful shutdown mode was started in Unknown on line 0
[02-Dec-2025 14:49:36 UTC] PHP Fatal error:  Failed to remove coroutine from the list in Unknown on line 0
Stack trace:
#0 {main}
[02-Dec-2025 14:49:36 UTC] PHP Warning:  Graceful shutdown mode was started in Unknown on line 0
[02-Dec-2025 14:51:22 UTC] PHP Fatal error:  Failed to remove coroutine from the list in Unknown on line 0
Stack trace:
#0 {main}
[02-Dec-2025 14:51:22 UTC] PHP Warning:  Graceful shutdown mode was started in Unknown on line 0
[02-Dec-2025 14:51:42 UTC] PHP Fatal error:  Failed to remove coroutine from the list in Unknown on line 0
Stack trace:
#0 {main}
[02-Dec-2025 14:51:42 UTC] PHP Warning:  Graceful shutdown mode was started in Unknown on line 0
[02-Dec-2025 14:52:48 UTC] PHP Fatal error:  Failed to remove coroutine from the list in Unknown on line 0
Stack trace:
#0 {main}
[02-Dec-2025 14:52:48 UTC] PHP Warning:  Graceful shutdown mode was started in Unknown on line 0
[02-Dec-2025 14:55:57 UTC] PHP Fatal error:  Failed to remove coroutine from the list in Unknown on line 0
Stack trace:
#0 {main}
[02-Dec-2025 14:55:57 UTC] PHP Warning:  Graceful shutdown mode was started in Unknown on line 0
[02-Dec-2025 14:56:06 UTC] PHP Fatal error:  Failed to remove coroutine from the list in Unknown on line 0
Stack trace:
#0 {main}
[02-Dec-2025 14:56:06 UTC] PHP Warning:  Graceful shutdown mode was started in Unknown on line 0
[02-Dec-2025 14:57:31 UTC] PHP Fatal error:  Failed to remove coroutine from the list in Unknown on line 0
Stack trace:
#0 {main}
[02-Dec-2025 14:57:31 UTC] PHP Warning:  Graceful shutdown mode was started in Unknown on line 0
[02-Dec-2025 15:25:34 UTC] PHP Fatal error:  Failed to remove coroutine from the list in Unknown on line 0
Stack trace:
#0 {main}
[02-Dec-2025 15:25:34 UTC] PHP Warning:  Graceful shutdown mode was started in Unknown on line 0
[02-Dec-2025 15:30:23 UTC] PHP Fatal error:  Failed to remove coroutine from the list in Unknown on line 0
Stack trace:
#0 {main}
[02-Dec-2025 15:30:23 UTC] PHP Warning:  Graceful shutdown mode was started in Unknown on line 0
[02-Dec-2025 15:34:08 UTC] PHP Fatal error:  Failed to remove coroutine from the list in Unknown on line 0
Stack trace:
#0 {main}
[02-Dec-2025 15:34:08 UTC] PHP Warning:  Graceful shutdown mode was started in Unknown on line 0
[03-Dec-2025 06:50:58 UTC] PHP Fatal error:  Failed to remove coroutine from the list in Unknown on line 0
Stack trace:
#0 {main}
[03-Dec-2025 06:50:58 UTC] PHP Warning:  Graceful shutdown mode was started in Unknown on line 0
[03-Dec-2025 06:57:39 UTC] PHP Fatal error:  Failed to remove coroutine from the list in Unknown on line 0
Stack trace:
#0 {main}
[03-Dec-2025 06:57:39 UTC] PHP Warning:  Graceful shutdown mode was started in Unknown on line 0
[03-Dec-2025 06:57:57 UTC] PHP Fatal error:  Failed to remove coroutine from the list in Unknown on line 0
Stack trace:
#0 {main}
[03-Dec-2025 06:57:57 UTC] PHP Warning:  Graceful shutdown mode was started in Unknown on line 0
[03-Dec-2025 07:07:25 UTC] PHP Fatal error:  Failed to remove coroutine from the list in Unknown on line 0
Stack trace:
#0 {main}
[03-Dec-2025 07:07:25 UTC] PHP Warning:  Graceful shutdown mode was started in Unknown on line 0
[04-Dec-2025 17:06:12 UTC] PHP Deprecated:  Using null as an array offset is deprecated, use an empty string instead in /app/www/wp-includes/class-wp-block-type-registry.php on line 168
[04-Dec-2025 17:06:12 UTC] PHP Deprecated:  Using null as an array offset is deprecated, use an empty string instead in /app/www/wp-includes/class-wp-block-type-registry.php on line 168
[04-Dec-2025 17:06:12 UTC] PHP Deprecated:  Using null as an array offset is deprecated, use an empty string instead in /app/www/wp-includes/class-wp-block-type-registry.php on line 168
[04-Dec-2025 17:06:12 UTC] PHP Deprecated:  Using null as an array offset is deprecated, use an empty string instead in /app/www/wp-includes/class-wp-block-type-registry.php on line 168
[04-Dec-2025 17:06:12 UTC] PHP Deprecated:  Using null as an array offset is deprecated, use an empty string instead in /app/www/wp-includes/class-wp-block.php on line 295
[04-Dec-2025 17:06:12 UTC] PHP Deprecated:  Using null as an array offset is deprecated, use an empty string instead in /app/www/wp-includes/class-wp-block-type-registry.php on line 168
[04-Dec-2025 17:06:12 UTC] PHP Deprecated:  Using null as an array offset is deprecated, use an empty string instead in /app/www/wp-includes/class-wp-block-type-registry.php on line 168
[04-Dec-2025 17:06:12 UTC] PHP Deprecated:  Using null as an array offset is deprecated, use an empty string instead in /app/www/wp-includes/class-wp-block-type-registry.php on line 168
[04-Dec-2025 17:06:12 UTC] PHP Deprecated:  Using null as an array offset is deprecated, use an empty string instead in /app/www/wp-includes/class-wp-block-type-registry.php on line 168
[04-Dec-2025 17:06:12 UTC] PHP Deprecated:  Using null as an array offset is deprecated, use an empty string instead in /app/www/wp-includes/class-wp-block-type-registry.php on line 168
[04-Dec-2025 17:06:12 UTC] PHP Deprecated:  Using null as an array offset is deprecated, use an empty string instead in /app/www/wp-includes/class-wp-block-type-registry.php on line 168
[04-Dec-2025 17:06:12 UTC] PHP Deprecated:  Using null as an array offset is deprecated, use an empty string instead in /app/www/wp-includes/class-wp-block-type-registry.php on line 168
[04-Dec-2025 17:06:12 UTC] PHP Deprecated:  Using null as an array offset is deprecated, use an empty string instead in /app/www/wp-includes/class-wp-block-type-registry.php on line 168
[04-Dec-2025 17:06:12 UTC] PHP Deprecated:  Using null as an array offset is deprecated, use an empty string instead in /app/www/wp-includes/class-wp-block-type-registry.php on line 168
[04-Dec-2025 17:06:12 UTC] PHP Deprecated:  Using null as an array offset is deprecated, use an empty string instead in /app/www/wp-includes/class-wp-block.php on line 295
[04-Dec-2025 17:06:12 UTC] PHP Deprecated:  Using null as an array offset is deprecated, use an empty string instead in /app/www/wp-includes/class-wp-block-type-registry.php on line 168
[04-Dec-2025 17:06:12 UTC] PHP Deprecated:  Using null as an array offset is deprecated, use an empty string instead in /app/www/wp-includes/class-wp-block-type-registry.php on line 168
[04-Dec-2025 17:06:12 UTC] PHP Deprecated:  Using null as an array offset is deprecated, use an empty string instead in /app/www/wp-includes/class-wp-block-type-registry.php on line 168
[04-Dec-2025 17:06:12 UTC] PHP Deprecated:  Using null as an array offset is deprecated, use an empty string instead in /app/www/wp-includes/class-wp-block-type-registry.php on line 168
[04-Dec-2025 17:06:12 UTC] PHP Deprecated:  Using null as an array offset is deprecated, use an empty string instead in /app/www/wp-includes/class-wp-block-type-registry.php on line 168
[04-Dec-2025 17:06:12 UTC] PHP Deprecated:  Using null as an array offset is deprecated, use an empty string instead in /app/www/wp-includes/class-wp-block-type-registry.php on line 168
[04-Dec-2025 17:06:12 UTC] PHP Deprecated:  Using null as an array offset is deprecated, use an empty string instead in /app/www/wp-includes/class-wp-block-type-registry.php on line 168
[04-Dec-2025 17:06:12 UTC] PHP Deprecated:  Using null as an array offset is deprecated, use an empty string instead in /app/www/wp-includes/class-wp-block-type-registry.php on line 168
[04-Dec-2025 17:06:12 UTC] PHP Deprecated:  Using null as an array offset is deprecated, use an empty string instead in /app/www/wp-includes/class-wp-block-type-registry.php on line 168
[04-Dec-2025 17:06:12 UTC] PHP Deprecated:  Using null as an array offset is deprecated, use an empty string instead in /app/www/wp-includes/class-wp-block.php on line 295
[04-Dec-2025 17:06:12 UTC] PHP Deprecated:  Using null as an array offset is deprecated, use an empty string instead in /app/www/wp-includes/class-wp-block-type-registry.php on line 168
[04-Dec-2025 17:06:12 UTC] PHP Deprecated:  Using null as an array offset is deprecated, use an empty string instead in /app/www/wp-includes/class-wp-block-type-registry.php on line 168
[04-Dec-2025 17:06:12 UTC] PHP Deprecated:  Using null as an array offset is deprecated, use an empty string instead in /app/www/wp-includes/class-wp-block-type-registry.php on line 168
[04-Dec-2025 17:06:12 UTC] PHP Deprecated:  Using null as an array offset is deprecated, use an empty string instead in /app/www/wp-includes/class-wp-block-type-registry.php on line 168
[04-Dec-2025 17:06:12 UTC] PHP Deprecated:  Using null as an array offset is deprecated, use an empty string instead in /app/www/wp-includes/class-wp-block-type-registry.php on line 168
[04-Dec-2025 17:06:12 UTC] PHP Deprecated:  Using null as an array offset is deprecated, use an empty string instead in /app/www/wp-includes/class-wp-block-type-registry.php on line 168
[04-Dec-2025 17:06:12 UTC] PHP Deprecated:  Using null as an array offset is deprecated, use an empty string instead in /app/www/wp-includes/class-wp-block-type-registry.php on line 168
[04-Dec-2025 17:06:12 UTC] PHP Deprecated:  Using null as an array offset is deprecated, use an empty string instead in /app/www/wp-includes/class-wp-block-type-registry.php on line 168
[04-Dec-2025 17:06:12 UTC] PHP Deprecated:  Using null as an array offset is deprecated, use an empty string instead in /app/www/wp-includes/class-wp-block-type-registry.php on line 168
[04-Dec-2025 17:06:12 UTC] PHP Deprecated:  Using null as an array offset is deprecated, use an empty string instead in /app/www/wp-includes/class-wp-block.php on line 295
[04-Dec-2025 17:06:12 UTC] PHP Deprecated:  Using null as an array offset is deprecated, use an empty string instead in /app/www/wp-includes/class-wp-block-type-registry.php on line 168
[04-Dec-2025 17:06:12 UTC] PHP Deprecated:  Using null as an array offset is deprecated, use an empty string instead in /app/www/wp-includes/class-wp-block-type-registry.php on line 168
[04-Dec-2025 17:06:12 UTC] PHP Deprecated:  Using null as an array offset is deprecated, use an empty string instead in /app/www/wp-includes/class-wp-block-type-registry.php on line 168
[04-Dec-2025 17:06:12 UTC] PHP Deprecated:  Using null as an array offset is deprecated, use an empty string instead in /app/www/wp-includes/class-wp-block-type-registry.php on line 168
[04-Dec-2025 17:06:12 UTC] PHP Deprecated:  Using null as an array offset is deprecated, use an empty string instead in /app/www/wp-includes/class-wp-block-type-registry.php on line 168
[04-Dec-2025 17:06:12 UTC] PHP Deprecated:  Using null as an array offset is deprecated, use an empty string instead in /app/www/wp-includes/class-wp-block-type-registry.php on line 168
[04-Dec-2025 17:06:12 UTC] PHP Deprecated:  Using null as an array offset is deprecated, use an empty string instead in /app/www/wp-includes/class-wp-block-type-registry.php on line 168
[04-Dec-2025 17:06:12 UTC] PHP Deprecated:  Using null as an array offset is deprecated, use an empty string instead in /app/www/wp-includes/class-wp-block-type-registry.php on line 168
[04-Dec-2025 17:06:12 UTC] PHP Deprecated:  Using null as an array offset is deprecated, use an empty string instead in /app/www/wp-includes/class-wp-block-type-registry.php on line 168
[04-Dec-2025 17:06:12 UTC] PHP Deprecated:  Using null as an array offset is deprecated, use an empty string instead in /app/www/wp-includes/class-wp-block.php on line 295
[04-Dec-2025 17:06:12 UTC] PHP Deprecated:  Using null as an array offset is deprecated, use an empty string instead in /app/www/wp-includes/class-wp-block-type-registry.php on line 168
[04-Dec-2025 17:06:12 UTC] PHP Deprecated:  Using null as an array offset is deprecated, use an empty string instead in /app/www/wp-includes/class-wp-block-type-registry.php on line 168
[04-Dec-2025 17:06:12 UTC] PHP Deprecated:  Using null as an array offset is deprecated, use an empty string instead in /app/www/wp-includes/class-wp-block-type-registry.php on line 168
[04-Dec-2025 17:06:12 UTC] PHP Deprecated:  Using null as an array offset is deprecated, use an empty string instead in /app/www/wp-includes/class-wp-block-type-registry.php on line 168
[04-Dec-2025 17:06:12 UTC] PHP Deprecated:  Using null as an array offset is deprecated, use an empty string instead in /app/www/wp-includes/class-wp-block-type-registry.php on line 168
[04-Dec-2025 17:06:12 UTC] PHP Deprecated:  Using null as an array offset is deprecated, use an empty string instead in /app/www/wp-includes/class-wp-block-type-registry.php on line 168
[04-Dec-2025 17:06:12 UTC] PHP Deprecated:  Using null as an array offset is deprecated, use an empty string instead in /app/www/wp-includes/class-wp-block-type-registry.php on line 168
[04-Dec-2025 17:06:12 UTC] PHP Deprecated:  Using null as an array offset is deprecated, use an empty string instead in /app/www/wp-includes/class-wp-block-type-registry.php on line 168
[04-Dec-2025 17:06:12 UTC] PHP Deprecated:  Using null as an array offset is deprecated, use an empty string instead in /app/www/wp-includes/class-wp-block-type-registry.php on line 168
[04-Dec-2025 17:06:12 UTC] PHP Deprecated:  Using null as an array offset is deprecated, use an empty string instead in /app/www/wp-includes/class-wp-block.php on line 295
[04-Dec-2025 17:06:12 UTC] PHP Deprecated:  Using null as an array offset is deprecated, use an empty string instead in /app/www/wp-includes/class-wp-block-type-registry.php on line 168
[04-Dec-2025 17:06:12 UTC] PHP Deprecated:  Using null as an array offset is deprecated, use an empty string instead in /app/www/wp-includes/class-wp-block-type-registry.php on line 168
[04-Dec-2025 17:06:12 UTC] PHP Deprecated:  Using null as an array offset is deprecated, use an empty string instead in /app/www/wp-includes/class-wp-block-type-registry.php on line 168
[04-Dec-2025 17:06:12 UTC] PHP Deprecated:  Using null as an array offset is deprecated, use an empty string instead in /app/www/wp-includes/class-wp-block-type-registry.php on line 168
[04-Dec-2025 17:06:12 UTC] PHP Deprecated:  Using null as an array offset is deprecated, use an empty string instead in /app/www/wp-includes/class-wp-block-type-registry.php on line 168
[04-Dec-2025 17:06:12 UTC] PHP Deprecated:  Using null as an array offset is deprecated, use an empty string instead in /app/www/wp-includes/class-wp-block-type-registry.php on line 168
[04-Dec-2025 17:06:12 UTC] PHP Deprecated:  Using null as an array offset is deprecated, use an empty string instead in /app/www/wp-includes/class-wp-block-type-registry.php on line 168
[04-Dec-2025 17:06:12 UTC] PHP Deprecated:  Using null as an array offset is deprecated, use an empty string instead in /app/www/wp-includes/class-wp-block-type-registry.php on line 168
[04-Dec-2025 17:06:12 UTC] PHP Deprecated:  Using null as an array offset is deprecated, use an empty string instead in /app/www/wp-includes/class-wp-block-type-registry.php on line 168
[04-Dec-2025 17:06:12 UTC] PHP Deprecated:  Using null as an array offset is deprecated, use an empty string instead in /app/www/wp-includes/class-wp-block.php on line 295
[04-Dec-2025 17:06:12 UTC] PHP Deprecated:  Using null as an array offset is deprecated, use an empty string instead in /app/www/wp-includes/class-wp-block-type-registry.php on line 168
[04-Dec-2025 17:06:12 UTC] PHP Deprecated:  Using null as an array offset is deprecated, use an empty string instead in /app/www/wp-includes/class-wp-block-type-registry.php on line 168
[04-Dec-2025 17:06:12 UTC] PHP Deprecated:  Using null as an array offset is deprecated, use an empty string instead in /app/www/wp-includes/class-wp-block-type-registry.php on line 168
[04-Dec-2025 17:06:12 UTC] PHP Deprecated:  Using null as an array offset is deprecated, use an empty string instead in /app/www/wp-includes/class-wp-block-type-registry.php on line 168
[04-Dec-2025 17:06:12 UTC] PHP Deprecated:  Using null as an array offset is deprecated, use an empty string instead in /app/www/wp-includes/class-wp-block-type-registry.php on line 168
[04-Dec-2025 17:06:12 UTC] PHP Deprecated:  Using null as an array offset is deprecated, use an empty string instead in /app/www/wp-includes/class-wp-block-type-registry.php on line 168
[04-Dec-2025 17:06:12 UTC] PHP Deprecated:  Using null as an array offset is deprecated, use an empty string instead in /app/www/wp-includes/class-wp-block-type-registry.php on line 168
[04-Dec-2025 17:06:12 UTC] PHP Deprecated:  Using null as an array offset is deprecated, use an empty string instead in /app/www/wp-includes/class-wp-block-type-registry.php on line 168
[04-Dec-2025 17:06:12 UTC] PHP Deprecated:  Using null as an array offset is deprecated, use an empty string instead in /app/www/wp-includes/class-wp-block-type-registry.php on line 168
[04-Dec-2025 17:06:12 UTC] PHP Deprecated:  Using null as an array offset is deprecated, use an empty string instead in /app/www/wp-includes/class-wp-block.php on line 295
[04-Dec-2025 17:06:12 UTC] PHP Deprecated:  Using null as an array offset is deprecated, use an empty string instead in /app/www/wp-includes/class-wp-block-type-registry.php on line 168
[04-Dec-2025 17:06:12 UTC] PHP Deprecated:  Using null as an array offset is deprecated, use an empty string instead in /app/www/wp-includes/class-wp-block-type-registry.php on line 168
[04-Dec-2025 17:06:12 UTC] PHP Deprecated:  Using null as an array offset is deprecated, use an empty string instead in /app/www/wp-includes/class-wp-block-type-registry.php on line 168
[04-Dec-2025 17:06:12 UTC] PHP Deprecated:  Using null as an array offset is deprecated, use an empty string instead in /app/www/wp-includes/class-wp-block-type-registry.php on line 168
[04-Dec-2025 17:06:12 UTC] PHP Deprecated:  Using null as an array offset is deprecated, use an empty string instead in /app/www/wp-includes/class-wp-block-type-registry.php on line 168
[04-Dec-2025 17:06:12 UTC] PHP Deprecated:  Using null as an array offset is deprecated, use an empty string instead in /app/www/wp-includes/class-wp-block-type-registry.php on line 168
[04-Dec-2025 17:06:12 UTC] PHP Deprecated:  Using null as an array offset is deprecated, use an empty string instead in /app/www/wp-includes/class-wp-block-type-registry.php on line 168
[04-Dec-2025 17:06:12 UTC] PHP Deprecated:  Using null as an array offset is deprecated, use an empty string instead in /app/www/wp-includes/class-wp-block-type-registry.php on line 168
[04-Dec-2025 17:06:12 UTC] PHP Deprecated:  Using null as an array offset is deprecated, use an empty string instead in /app/www/wp-includes/class-wp-block-type-registry.php on line 168
[04-Dec-2025 17:06:12 UTC] PHP Deprecated:  Using null as an array offset is deprecated, use an empty string instead in /app/www/wp-includes/class-wp-block.php on line 295
[04-Dec-2025 17:06:12 UTC] PHP Deprecated:  Using null as an array offset is deprecated, use an empty string instead in /app/www/wp-includes/class-wp-block-type-registry.php on line 168
[04-Dec-2025 17:06:12 UTC] PHP Deprecated:  Using null as an array offset is deprecated, use an empty string instead in /app/www/wp-includes/class-wp-block-type-registry.php on line 168
[04-Dec-2025 17:06:12 UTC] PHP Deprecated:  Using null as an array offset is deprecated, use an empty string instead in /app/www/wp-includes/class-wp-block-type-registry.php on line 168
[04-Dec-2025 17:06:12 UTC] PHP Deprecated:  Using null as an array offset is deprecated, use an empty string instead in /app/www/wp-includes/class-wp-block-type-registry.php on line 168
[04-Dec-2025 17:06:12 UTC] PHP Deprecated:  Using null as an array offset is deprecated, use an empty string instead in /app/www/wp-includes/class-wp-block-type-registry.php on line 168
[04-Dec-2025 17:06:12 UTC] PHP Deprecated:  Using null as an array offset is deprecated, use an empty string instead in /app/www/wp-includes/class-wp-block-type-registry.php on line 168
[04-Dec-2025 17:06:12 UTC] PHP Deprecated:  Using null as an array offset is deprecated, use an empty string instead in /app/www/wp-includes/class-wp-block-type-registry.php on line 168
[04-Dec-2025 17:06:12 UTC] PHP Deprecated:  Using null as an array offset is deprecated, use an empty string instead in /app/www/wp-includes/class-wp-block-type-registry.php on line 168
[04-Dec-2025 17:06:12 UTC] PHP Deprecated:  Using null as an array offset is deprecated, use an empty string instead in /app/www/wp-includes/class-wp-block-type-registry.php on line 168
[04-Dec-2025 17:06:12 UTC] PHP Deprecated:  Using null as an array offset is deprecated, use an empty string instead in /app/www/wp-includes/class-wp-block.php on line 295
[04-Dec-2025 17:06:12 UTC] PHP Deprecated:  Using null as an array offset is deprecated, use an empty string instead in /app/www/wp-includes/class-wp-block-type-registry.php on line 168
[04-Dec-2025 17:06:12 UTC] PHP Deprecated:  Using null as an array offset is deprecated, use an empty string instead in /app/www/wp-includes/class-wp-block-type-registry.php on line 168
[04-Dec-2025 17:06:12 UTC] PHP Deprecated:  Using null as an array offset is deprecated, use an empty string instead in /app/www/wp-includes/class-wp-block-type-registry.php on line 168
[04-Dec-2025 17:06:12 UTC] PHP Deprecated:  Using null as an array offset is deprecated, use an empty string instead in /app/www/wp-includes/class-wp-block-type-registry.php on line 168
[04-Dec-2025 17:06:12 UTC] PHP Deprecated:  Using null as an array offset is deprecated, use an empty string instead in /app/www/wp-includes/class-wp-block-type-registry.php on line 168
[04-Dec-2025 17:06:12 UTC] PHP Deprecated:  Using null as an array offset is deprecated, use an empty string instead in /app/www/wp-includes/class-wp-theme-json.php on line 2897
[04-Dec-2025 17:06:12 UTC] PHP Fatal error:  Failed to remove coroutine from the list in Unknown on line 0
Stack trace:
#0 {main}
[04-Dec-2025 17:06:12 UTC] PHP Warning:  Graceful shutdown mode was started in Unknown on line 0
[04-Dec-2025 17:06:12 UTC] PHP Deprecated:  Using null as an array offset is deprecated, use an empty string instead in /app/www/wp-includes/class-wp-block-type-registry.php on line 168
[04-Dec-2025 17:06:12 UTC] PHP Deprecated:  Using null as an array offset is deprecated, use an empty string instead in /app/www/wp-includes/class-wp-block-type-registry.php on line 168
[04-Dec-2025 17:06:12 UTC] PHP Deprecated:  Using null as an array offset is deprecated, use an empty string instead in /app/www/wp-includes/class-wp-block-type-registry.php on line 168
[04-Dec-2025 17:06:12 UTC] PHP Deprecated:  Using null as an array offset is deprecated, use an empty string instead in /app/www/wp-includes/class-wp-block-type-registry.php on line 168
[04-Dec-2025 17:06:12 UTC] PHP Deprecated:  Using null as an array offset is deprecated, use an empty string instead in /app/www/wp-includes/class-wp-block.php on line 295
[04-Dec-2025 17:06:12 UTC] PHP Deprecated:  Using null as an array offset is deprecated, use an empty string instead in /app/www/wp-includes/class-wp-block-type-registry.php on line 168
[04-Dec-2025 17:06:12 UTC] PHP Deprecated:  Using null as an array offset is deprecated, use an empty string instead in /app/www/wp-includes/class-wp-block-type-registry.php on line 168
[04-Dec-2025 17:06:12 UTC] PHP Deprecated:  Using null as an array offset is deprecated, use an empty string instead in /app/www/wp-includes/class-wp-block-type-registry.php on line 168
[04-Dec-2025 17:06:12 UTC] PHP Deprecated:  Using null as an array offset is deprecated, use an empty string instead in /app/www/wp-includes/class-wp-block-type-registry.php on line 168
[04-Dec-2025 17:06:12 UTC] PHP Deprecated:  Using null as an array offset is deprecated, use an empty string instead in /app/www/wp-includes/class-wp-block-type-registry.php on line 168
[04-Dec-2025 17:06:12 UTC] PHP Deprecated:  Using null as an array offset is deprecated, use an empty string instead in /app/www/wp-includes/class-wp-block-type-registry.php on line 168
[04-Dec-2025 17:06:12 UTC] PHP Deprecated:  Using null as an array offset is deprecated, use an empty string instead in /app/www/wp-includes/class-wp-block-type-registry.php on line 168
[04-Dec-2025 17:06:12 UTC] PHP Deprecated:  Using null as an array offset is deprecated, use an empty string instead in /app/www/wp-includes/class-wp-block-type-registry.php on line 168
[04-Dec-2025 17:06:12 UTC] PHP Deprecated:  Using null as an array offset is deprecated, use an empty string instead in /app/www/wp-includes/class-wp-block-type-registry.php on line 168
[04-Dec-2025 17:06:12 UTC] PHP Deprecated:  Using null as an array offset is deprecated, use an empty string instead in /app/www/wp-includes/class-wp-block.php on line 295
[04-Dec-2025 17:06:12 UTC] PHP Deprecated:  Using null as an array offset is deprecated, use an empty string instead in /app/www/wp-includes/class-wp-block-type-registry.php on line 168
[04-Dec-2025 17:06:12 UTC] PHP Deprecated:  Using null as an array offset is deprecated, use an empty string instead in /app/www/wp-includes/class-wp-block-type-registry.php on line 168
[04-Dec-2025 17:06:12 UTC] PHP Deprecated:  Using null as an array offset is deprecated, use an empty string instead in /app/www/wp-includes/class-wp-block-type-registry.php on line 168
[04-Dec-2025 17:06:12 UTC] PHP Deprecated:  Using null as an array offset is deprecated, use an empty string instead in /app/www/wp-includes/class-wp-block-type-registry.php on line 168
[04-Dec-2025 17:06:12 UTC] PHP Deprecated:  Using null as an array offset is deprecated, use an empty string instead in /app/www/wp-includes/class-wp-block-type-registry.php on line 168
[04-Dec-2025 17:06:12 UTC] PHP Deprecated:  Using null as an array offset is deprecated, use an empty string instead in /app/www/wp-includes/class-wp-block-type-registry.php on line 168
[04-Dec-2025 17:06:12 UTC] PHP Deprecated:  Using null as an array offset is deprecated, use an empty string instead in /app/www/wp-includes/class-wp-block-type-registry.php on line 168
[04-Dec-2025 17:06:12 UTC] PHP Deprecated:  Using null as an array offset is deprecated, use an empty string instead in /app/www/wp-includes/class-wp-block-type-registry.php on line 168
[04-Dec-2025 17:06:12 UTC] PHP Deprecated:  Using null as an array offset is deprecated, use an empty string instead in /app/www/wp-includes/class-wp-block-type-registry.php on line 168
[04-Dec-2025 17:06:12 UTC] PHP Deprecated:  Using null as an array offset is deprecated, use an empty string instead in /app/www/wp-includes/class-wp-block.php on line 295
[04-Dec-2025 17:06:12 UTC] PHP Deprecated:  Using null as an array offset is deprecated, use an empty string instead in /app/www/wp-includes/class-wp-block-type-registry.php on line 168
[04-Dec-2025 17:06:12 UTC] PHP Deprecated:  Using null as an array offset is deprecated, use an empty string instead in /app/www/wp-includes/class-wp-block-type-registry.php on line 168
[04-Dec-2025 17:06:12 UTC] PHP Deprecated:  Using null as an array offset is deprecated, use an empty string instead in /app/www/wp-includes/class-wp-block-type-registry.php on line 168
[04-Dec-2025 17:06:12 UTC] PHP Deprecated:  Using null as an array offset is deprecated, use an empty string instead in /app/www/wp-includes/class-wp-block-type-registry.php on line 168
[04-Dec-2025 17:06:13 UTC] PHP Deprecated:  Using null as an array offset is deprecated, use an empty string instead in /app/www/wp-includes/class-wp-block-type-registry.php on line 168
[04-Dec-2025 17:06:13 UTC] PHP Deprecated:  Using null as an array offset is deprecated, use an empty string instead in /app/www/wp-includes/class-wp-block-type-registry.php on line 168
[04-Dec-2025 17:06:13 UTC] PHP Deprecated:  Using null as an array offset is deprecated, use an empty string instead in /app/www/wp-includes/class-wp-block-type-registry.php on line 168
[04-Dec-2025 17:06:13 UTC] PHP Deprecated:  Using null as an array offset is deprecated, use an empty string instead in /app/www/wp-includes/class-wp-block-type-registry.php on line 168
[04-Dec-2025 17:06:13 UTC] PHP Deprecated:  Using null as an array offset is deprecated, use an empty string instead in /app/www/wp-includes/class-wp-block-type-registry.php on line 168
[04-Dec-2025 17:06:13 UTC] PHP Deprecated:  Using null as an array offset is deprecated, use an empty string instead in /app/www/wp-includes/class-wp-block.php on line 295
[04-Dec-2025 17:06:13 UTC] PHP Deprecated:  Using null as an array offset is deprecated, use an empty string instead in /app/www/wp-includes/class-wp-block-type-registry.php on line 168
[04-Dec-2025 17:06:13 UTC] PHP Deprecated:  Using null as an array offset is deprecated, use an empty string instead in /app/www/wp-includes/class-wp-block-type-registry.php on line 168
[04-Dec-2025 17:06:13 UTC] PHP Deprecated:  Using null as an array offset is deprecated, use an empty string instead in /app/www/wp-includes/class-wp-block-type-registry.php on line 168
[04-Dec-2025 17:06:13 UTC] PHP Deprecated:  Using null as an array offset is deprecated, use an empty string instead in /app/www/wp-includes/class-wp-block-type-registry.php on line 168
[04-Dec-2025 17:06:13 UTC] PHP Deprecated:  Using null as an array offset is deprecated, use an empty string instead in /app/www/wp-includes/class-wp-block-type-registry.php on line 168
[04-Dec-2025 17:06:13 UTC] PHP Deprecated:  Using null as an array offset is deprecated, use an empty string instead in /app/www/wp-includes/class-wp-block-type-registry.php on line 168
[04-Dec-2025 17:06:13 UTC] PHP Deprecated:  Using null as an array offset is deprecated, use an empty string instead in /app/www/wp-includes/class-wp-block-type-registry.php on line 168
[04-Dec-2025 17:06:13 UTC] PHP Deprecated:  Using null as an array offset is deprecated, use an empty string instead in /app/www/wp-includes/class-wp-block-type-registry.php on line 168
[04-Dec-2025 17:06:13 UTC] PHP Deprecated:  Using null as an array offset is deprecated, use an empty string instead in /app/www/wp-includes/class-wp-block-type-registry.php on line 168
[04-Dec-2025 17:06:13 UTC] PHP Deprecated:  Using null as an array offset is deprecated, use an empty string instead in /app/www/wp-includes/class-wp-block.php on line 295
[04-Dec-2025 17:06:13 UTC] PHP Deprecated:  Using null as an array offset is deprecated, use an empty string instead in /app/www/wp-includes/class-wp-block-type-registry.php on line 168
[04-Dec-2025 17:06:13 UTC] PHP Deprecated:  Using null as an array offset is deprecated, use an empty string instead in /app/www/wp-includes/class-wp-block-type-registry.php on line 168
[04-Dec-2025 17:06:13 UTC] PHP Deprecated:  Using null as an array offset is deprecated, use an empty string instead in /app/www/wp-includes/class-wp-block-type-registry.php on line 168
[04-Dec-2025 17:06:13 UTC] PHP Deprecated:  Using null as an array offset is deprecated, use an empty string instead in /app/www/wp-includes/class-wp-block-type-registry.php on line 168
[04-Dec-2025 17:06:13 UTC] PHP Deprecated:  Using null as an array offset is deprecated, use an empty string instead in /app/www/wp-includes/class-wp-block-type-registry.php on line 168
[04-Dec-2025 17:06:13 UTC] PHP Deprecated:  Using null as an array offset is deprecated, use an empty string instead in /app/www/wp-includes/class-wp-block-type-registry.php on line 168
[04-Dec-2025 17:06:13 UTC] PHP Deprecated:  Using null as an array offset is deprecated, use an empty string instead in /app/www/wp-includes/class-wp-block-type-registry.php on line 168
[04-Dec-2025 17:06:13 UTC] PHP Deprecated:  Using null as an array offset is deprecated, use an empty string instead in /app/www/wp-includes/class-wp-block-type-registry.php on line 168
[04-Dec-2025 17:06:13 UTC] PHP Deprecated:  Using null as an array offset is deprecated, use an empty string instead in /app/www/wp-includes/class-wp-block-type-registry.php on line 168
[04-Dec-2025 17:06:13 UTC] PHP Deprecated:  Using null as an array offset is deprecated, use an empty string instead in /app/www/wp-includes/class-wp-block.php on line 295
[04-Dec-2025 17:06:13 UTC] PHP Deprecated:  Using null as an array offset is deprecated, use an empty string instead in /app/www/wp-includes/class-wp-block-type-registry.php on line 168
[04-Dec-2025 17:06:13 UTC] PHP Deprecated:  Using null as an array offset is deprecated, use an empty string instead in /app/www/wp-includes/class-wp-block-type-registry.php on line 168
[04-Dec-2025 17:06:13 UTC] PHP Deprecated:  Using null as an array offset is deprecated, use an empty string instead in /app/www/wp-includes/class-wp-block-type-registry.php on line 168
[04-Dec-2025 17:06:13 UTC] PHP Deprecated:  Using null as an array offset is deprecated, use an empty string instead in /app/www/wp-includes/class-wp-block-type-registry.php on line 168
[04-Dec-2025 17:06:13 UTC] PHP Deprecated:  Using null as an array offset is deprecated, use an empty string instead in /app/www/wp-includes/class-wp-block-type-registry.php on line 168
[04-Dec-2025 17:06:13 UTC] PHP Deprecated:  Using null as an array offset is deprecated, use an empty string instead in /app/www/wp-includes/class-wp-block-type-registry.php on line 168
[04-Dec-2025 17:06:13 UTC] PHP Deprecated:  Using null as an array offset is deprecated, use an empty string instead in /app/www/wp-includes/class-wp-block-type-registry.php on line 168
[04-Dec-2025 17:06:13 UTC] PHP Deprecated:  Using null as an array offset is deprecated, use an empty string instead in /app/www/wp-includes/class-wp-block-type-registry.php on line 168
[04-Dec-2025 17:06:13 UTC] PHP Deprecated:  Using null as an array offset is deprecated, use an empty string instead in /app/www/wp-includes/class-wp-block-type-registry.php on line 168
[04-Dec-2025 17:06:13 UTC] PHP Deprecated:  Using null as an array offset is deprecated, use an empty string instead in /app/www/wp-includes/class-wp-block.php on line 295
[04-Dec-2025 17:06:13 UTC] PHP Deprecated:  Using null as an array offset is deprecated, use an empty string instead in /app/www/wp-includes/class-wp-block-type-registry.php on line 168
[04-Dec-2025 17:06:13 UTC] PHP Deprecated:  Using null as an array offset is deprecated, use an empty string instead in /app/www/wp-includes/class-wp-block-type-registry.php on line 168
[04-Dec-2025 17:06:13 UTC] PHP Deprecated:  Using null as an array offset is deprecated, use an empty string instead in /app/www/wp-includes/class-wp-block-type-registry.php on line 168
[04-Dec-2025 17:06:13 UTC] PHP Deprecated:  Using null as an array offset is deprecated, use an empty string instead in /app/www/wp-includes/class-wp-block-type-registry.php on line 168
[04-Dec-2025 17:06:13 UTC] PHP Deprecated:  Using null as an array offset is deprecated, use an empty string instead in /app/www/wp-includes/class-wp-block-type-registry.php on line 168
[04-Dec-2025 17:06:13 UTC] PHP Deprecated:  Using null as an array offset is deprecated, use an empty string instead in /app/www/wp-includes/class-wp-block-type-registry.php on line 168
[04-Dec-2025 17:06:13 UTC] PHP Deprecated:  Using null as an array offset is deprecated, use an empty string instead in /app/www/wp-includes/class-wp-block-type-registry.php on line 168
[04-Dec-2025 17:06:13 UTC] PHP Deprecated:  Using null as an array offset is deprecated, use an empty string instead in /app/www/wp-includes/class-wp-block-type-registry.php on line 168
[04-Dec-2025 17:06:13 UTC] PHP Deprecated:  Using null as an array offset is deprecated, use an empty string instead in /app/www/wp-includes/class-wp-block-type-registry.php on line 168
[04-Dec-2025 17:06:13 UTC] PHP Deprecated:  Using null as an array offset is deprecated, use an empty string instead in /app/www/wp-includes/class-wp-block.php on line 295
[04-Dec-2025 17:06:13 UTC] PHP Deprecated:  Using null as an array offset is deprecated, use an empty string instead in /app/www/wp-includes/class-wp-block-type-registry.php on line 168
[04-Dec-2025 17:06:13 UTC] PHP Deprecated:  Using null as an array offset is deprecated, use an empty string instead in /app/www/wp-includes/class-wp-block-type-registry.php on line 168
[04-Dec-2025 17:06:13 UTC] PHP Deprecated:  Using null as an array offset is deprecated, use an empty string instead in /app/www/wp-includes/class-wp-block-type-registry.php on line 168
[04-Dec-2025 17:06:13 UTC] PHP Deprecated:  Using null as an array offset is deprecated, use an empty string instead in /app/www/wp-includes/class-wp-block-type-registry.php on line 168
[04-Dec-2025 17:06:13 UTC] PHP Deprecated:  Using null as an array offset is deprecated, use an empty string instead in /app/www/wp-includes/class-wp-block-type-registry.php on line 168
[04-Dec-2025 17:06:13 UTC] PHP Deprecated:  Using null as an array offset is deprecated, use an empty string instead in /app/www/wp-includes/class-wp-block-type-registry.php on line 168
[04-Dec-2025 17:06:13 UTC] PHP Deprecated:  Using null as an array offset is deprecated, use an empty string instead in /app/www/wp-includes/class-wp-block-type-registry.php on line 168
[04-Dec-2025 17:06:13 UTC] PHP Deprecated:  Using null as an array offset is deprecated, use an empty string instead in /app/www/wp-includes/class-wp-block-type-registry.php on line 168
[04-Dec-2025 17:06:13 UTC] PHP Deprecated:  Using null as an array offset is deprecated, use an empty string instead in /app/www/wp-includes/class-wp-block-type-registry.php on line 168
[04-Dec-2025 17:06:13 UTC] PHP Deprecated:  Using null as an array offset is deprecated, use an empty string instead in /app/www/wp-includes/class-wp-block.php on line 295
[04-Dec-2025 17:06:13 UTC] PHP Deprecated:  Using null as an array offset is deprecated, use an empty string instead in /app/www/wp-includes/class-wp-block-type-registry.php on line 168
[04-Dec-2025 17:06:13 UTC] PHP Deprecated:  Using null as an array offset is deprecated, use an empty string instead in /app/www/wp-includes/class-wp-block-type-registry.php on line 168
[04-Dec-2025 17:06:13 UTC] PHP Deprecated:  Using null as an array offset is deprecated, use an empty string instead in /app/www/wp-includes/class-wp-block-type-registry.php on line 168
[04-Dec-2025 17:06:13 UTC] PHP Deprecated:  Using null as an array offset is deprecated, use an empty string instead in /app/www/wp-includes/class-wp-block-type-registry.php on line 168
[04-Dec-2025 17:06:13 UTC] PHP Deprecated:  Using null as an array offset is deprecated, use an empty string instead in /app/www/wp-includes/class-wp-block-type-registry.php on line 168
[04-Dec-2025 17:06:13 UTC] PHP Deprecated:  Using null as an array offset is deprecated, use an empty string instead in /app/www/wp-includes/class-wp-block-type-registry.php on line 168
[04-Dec-2025 17:06:13 UTC] PHP Deprecated:  Using null as an array offset is deprecated, use an empty string instead in /app/www/wp-includes/class-wp-block-type-registry.php on line 168
[04-Dec-2025 17:06:13 UTC] PHP Deprecated:  Using null as an array offset is deprecated, use an empty string instead in /app/www/wp-includes/class-wp-block-type-registry.php on line 168
[04-Dec-2025 17:06:13 UTC] PHP Deprecated:  Using null as an array offset is deprecated, use an empty string instead in /app/www/wp-includes/class-wp-block-type-registry.php on line 168
[04-Dec-2025 17:06:13 UTC] PHP Deprecated:  Using null as an array offset is deprecated, use an empty string instead in /app/www/wp-includes/class-wp-block.php on line 295
[04-Dec-2025 17:06:13 UTC] PHP Deprecated:  Using null as an array offset is deprecated, use an empty string instead in /app/www/wp-includes/class-wp-block-type-registry.php on line 168
[04-Dec-2025 17:06:13 UTC] PHP Deprecated:  Using null as an array offset is deprecated, use an empty string instead in /app/www/wp-includes/class-wp-block-type-registry.php on line 168
[04-Dec-2025 17:06:13 UTC] PHP Deprecated:  Using null as an array offset is deprecated, use an empty string instead in /app/www/wp-includes/class-wp-block-type-registry.php on line 168
[04-Dec-2025 17:06:13 UTC] PHP Deprecated:  Using null as an array offset is deprecated, use an empty string instead in /app/www/wp-includes/class-wp-block-type-registry.php on line 168
[04-Dec-2025 17:06:13 UTC] PHP Deprecated:  Using null as an array offset is deprecated, use an empty string instead in /app/www/wp-includes/class-wp-block-type-registry.php on line 168
[04-Dec-2025 17:06:13 UTC] PHP Deprecated:  Using null as an array offset is deprecated, use an empty string instead in /app/www/wp-includes/class-wp-block-type-registry.php on line 168
[04-Dec-2025 17:06:13 UTC] PHP Deprecated:  Using null as an array offset is deprecated, use an empty string instead in /app/www/wp-includes/class-wp-block-type-registry.php on line 168
[04-Dec-2025 17:06:13 UTC] PHP Deprecated:  Using null as an array offset is deprecated, use an empty string instead in /app/www/wp-includes/class-wp-block-type-registry.php on line 168
[04-Dec-2025 17:06:13 UTC] PHP Deprecated:  Using null as an array offset is deprecated, use an empty string instead in /app/www/wp-includes/class-wp-block-type-registry.php on line 168
[04-Dec-2025 17:06:13 UTC] PHP Deprecated:  Using null as an array offset is deprecated, use an empty string instead in /app/www/wp-includes/class-wp-block.php on line 295
[04-Dec-2025 17:06:13 UTC] PHP Deprecated:  Using null as an array offset is deprecated, use an empty string instead in /app/www/wp-includes/class-wp-block-type-registry.php on line 168
[04-Dec-2025 17:06:13 UTC] PHP Deprecated:  Using null as an array offset is deprecated, use an empty string instead in /app/www/wp-includes/class-wp-block-type-registry.php on line 168
[04-Dec-2025 17:06:13 UTC] PHP Deprecated:  Using null as an array offset is deprecated, use an empty string instead in /app/www/wp-includes/class-wp-block-type-registry.php on line 168
[04-Dec-2025 17:06:13 UTC] PHP Deprecated:  Using null as an array offset is deprecated, use an empty string instead in /app/www/wp-includes/class-wp-block-type-registry.php on line 168
[04-Dec-2025 17:06:13 UTC] PHP Deprecated:  Using null as an array offset is deprecated, use an empty string instead in /app/www/wp-includes/class-wp-block-type-registry.php on line 168
[04-Dec-2025 17:06:13 UTC] PHP Deprecated:  Using null as an array offset is deprecated, use an empty string instead in /app/www/wp-includes/class-wp-block-type-registry.php on line 168
[04-Dec-2025 17:06:13 UTC] PHP Deprecated:  Using null as an array offset is deprecated, use an empty string instead in /app/www/wp-includes/class-wp-block-type-registry.php on line 168
[04-Dec-2025 17:06:13 UTC] PHP Deprecated:  Using null as an array offset is deprecated, use an empty string instead in /app/www/wp-includes/class-wp-block-type-registry.php on line 168
[04-Dec-2025 17:06:13 UTC] PHP Deprecated:  Using null as an array offset is deprecated, use an empty string instead in /app/www/wp-includes/class-wp-block-type-registry.php on line 168
[04-Dec-2025 17:06:13 UTC] PHP Deprecated:  Using null as an array offset is deprecated, use an empty string instead in /app/www/wp-includes/class-wp-block.php on line 295
[04-Dec-2025 17:06:13 UTC] PHP Deprecated:  Using null as an array offset is deprecated, use an empty string instead in /app/www/wp-includes/class-wp-block-type-registry.php on line 168
[04-Dec-2025 17:06:13 UTC] PHP Deprecated:  Using null as an array offset is deprecated, use an empty string instead in /app/www/wp-includes/class-wp-block-type-registry.php on line 168
[04-Dec-2025 17:06:13 UTC] PHP Deprecated:  Using null as an array offset is deprecated, use an empty string instead in /app/www/wp-includes/class-wp-block-type-registry.php on line 168
[04-Dec-2025 17:06:13 UTC] PHP Deprecated:  Using null as an array offset is deprecated, use an empty string instead in /app/www/wp-includes/class-wp-block-type-registry.php on line 168
[04-Dec-2025 17:06:13 UTC] PHP Deprecated:  Using null as an array offset is deprecated, use an empty string instead in /app/www/wp-includes/class-wp-block-type-registry.php on line 168
[04-Dec-2025 17:06:13 UTC] PHP Deprecated:  Using null as an array offset is deprecated, use an empty string instead in /app/www/wp-includes/class-wp-theme-json.php on line 2897
[04-Dec-2025 17:06:13 UTC] PHP Fatal error:  Failed to remove coroutine from the list in Unknown on line 0
Stack trace:
#0 {main}
[04-Dec-2025 17:06:13 UTC] PHP Warning:  Graceful shutdown mode was started in Unknown on line 0
[04-Dec-2025 17:06:14 UTC] PHP Fatal error:  Failed to remove coroutine from the list in Unknown on line 0
Stack trace:
#0 {main}
[04-Dec-2025 17:06:14 UTC] PHP Warning:  Graceful shutdown mode was started in Unknown on line 0
[04-Dec-2025 17:06:21 UTC] PHP Deprecated:  Using null as an array offset is deprecated, use an empty string instead in /app/www/wp-includes/class-wp-block-type-registry.php on line 168
[04-Dec-2025 17:06:21 UTC] PHP Deprecated:  Using null as an array offset is deprecated, use an empty string instead in /app/www/wp-includes/class-wp-block-type-registry.php on line 168
[04-Dec-2025 17:06:21 UTC] PHP Deprecated:  Using null as an array offset is deprecated, use an empty string instead in /app/www/wp-includes/class-wp-block-type-registry.php on line 168
[04-Dec-2025 17:06:21 UTC] PHP Deprecated:  Using null as an array offset is deprecated, use an empty string instead in /app/www/wp-includes/class-wp-block-type-registry.php on line 168
[04-Dec-2025 17:06:21 UTC] PHP Deprecated:  Using null as an array offset is deprecated, use an empty string instead in /app/www/wp-includes/class-wp-block.php on line 295
[04-Dec-2025 17:06:21 UTC] PHP Deprecated:  Using null as an array offset is deprecated, use an empty string instead in /app/www/wp-includes/class-wp-block-type-registry.php on line 168
[04-Dec-2025 17:06:21 UTC] PHP Deprecated:  Using null as an array offset is deprecated, use an empty string instead in /app/www/wp-includes/class-wp-block-type-registry.php on line 168
[04-Dec-2025 17:06:21 UTC] PHP Deprecated:  Using null as an array offset is deprecated, use an empty string instead in /app/www/wp-includes/class-wp-block-type-registry.php on line 168
[04-Dec-2025 17:06:21 UTC] PHP Deprecated:  Using null as an array offset is deprecated, use an empty string instead in /app/www/wp-includes/class-wp-block-type-registry.php on line 168
[04-Dec-2025 17:06:21 UTC] PHP Deprecated:  Using null as an array offset is deprecated, use an empty string instead in /app/www/wp-includes/class-wp-block-type-registry.php on line 168
[04-Dec-2025 17:06:21 UTC] PHP Deprecated:  Using null as an array offset is deprecated, use an empty string instead in /app/www/wp-includes/class-wp-block-type-registry.php on line 168
[04-Dec-2025 17:06:21 UTC] PHP Deprecated:  Using null as an array offset is deprecated, use an empty string instead in /app/www/wp-includes/class-wp-block-type-registry.php on line 168
[04-Dec-2025 17:06:21 UTC] PHP Deprecated:  Using null as an array offset is deprecated, use an empty string instead in /app/www/wp-includes/class-wp-block-type-registry.php on line 168
[04-Dec-2025 17:06:21 UTC] PHP Deprecated:  Using null as an array offset is deprecated, use an empty string instead in /app/www/wp-includes/class-wp-block-type-registry.php on line 168
[04-Dec-2025 17:06:21 UTC] PHP Deprecated:  Using null as an array offset is deprecated, use an empty string instead in /app/www/wp-includes/class-wp-block.php on line 295
[04-Dec-2025 17:06:21 UTC] PHP Deprecated:  Using null as an array offset is deprecated, use an empty string instead in /app/www/wp-includes/class-wp-block-type-registry.php on line 168
[04-Dec-2025 17:06:21 UTC] PHP Deprecated:  Using null as an array offset is deprecated, use an empty string instead in /app/www/wp-includes/class-wp-block-type-registry.php on line 168
[04-Dec-2025 17:06:21 UTC] PHP Deprecated:  Using null as an array offset is deprecated, use an empty string instead in /app/www/wp-includes/class-wp-block-type-registry.php on line 168
[04-Dec-2025 17:06:21 UTC] PHP Deprecated:  Using null as an array offset is deprecated, use an empty string instead in /app/www/wp-includes/class-wp-block-type-registry.php on line 168
[04-Dec-2025 17:06:21 UTC] PHP Deprecated:  Using null as an array offset is deprecated, use an empty string instead in /app/www/wp-includes/class-wp-block-type-registry.php on line 168
[04-Dec-2025 17:06:21 UTC] PHP Deprecated:  Using null as an array offset is deprecated, use an empty string instead in /app/www/wp-includes/class-wp-block-type-registry.php on line 168
[04-Dec-2025 17:06:21 UTC] PHP Deprecated:  Using null as an array offset is deprecated, use an empty string instead in /app/www/wp-includes/class-wp-block-type-registry.php on line 168
[04-Dec-2025 17:06:21 UTC] PHP Deprecated:  Using null as an array offset is deprecated, use an empty string instead in /app/www/wp-includes/class-wp-block-type-registry.php on line 168
[04-Dec-2025 17:06:21 UTC] PHP Deprecated:  Using null as an array offset is deprecated, use an empty string instead in /app/www/wp-includes/class-wp-block-type-registry.php on line 168
[04-Dec-2025 17:06:21 UTC] PHP Deprecated:  Using null as an array offset is deprecated, use an empty string instead in /app/www/wp-includes/class-wp-block.php on line 295
[04-Dec-2025 17:06:21 UTC] PHP Deprecated:  Using null as an array offset is deprecated, use an empty string instead in /app/www/wp-includes/class-wp-block-type-registry.php on line 168
[04-Dec-2025 17:06:21 UTC] PHP Deprecated:  Using null as an array offset is deprecated, use an empty string instead in /app/www/wp-includes/class-wp-block-type-registry.php on line 168
[04-Dec-2025 17:06:21 UTC] PHP Deprecated:  Using null as an array offset is deprecated, use an empty string instead in /app/www/wp-includes/class-wp-block-type-registry.php on line 168
[04-Dec-2025 17:06:21 UTC] PHP Deprecated:  Using null as an array offset is deprecated, use an empty string instead in /app/www/wp-includes/class-wp-block-type-registry.php on line 168
[04-Dec-2025 17:06:21 UTC] PHP Deprecated:  Using null as an array offset is deprecated, use an empty string instead in /app/www/wp-includes/class-wp-block-type-registry.php on line 168
[04-Dec-2025 17:06:21 UTC] PHP Deprecated:  Using null as an array offset is deprecated, use an empty string instead in /app/www/wp-includes/class-wp-block-type-registry.php on line 168
[04-Dec-2025 17:06:21 UTC] PHP Deprecated:  Using null as an array offset is deprecated, use an empty string instead in /app/www/wp-includes/class-wp-block-type-registry.php on line 168
[04-Dec-2025 17:06:21 UTC] PHP Deprecated:  Using null as an array offset is deprecated, use an empty string instead in /app/www/wp-includes/class-wp-block-type-registry.php on line 168
[04-Dec-2025 17:06:21 UTC] PHP Deprecated:  Using null as an array offset is deprecated, use an empty string instead in /app/www/wp-includes/class-wp-block-type-registry.php on line 168
[04-Dec-2025 17:06:21 UTC] PHP Deprecated:  Using null as an array offset is deprecated, use an empty string instead in /app/www/wp-includes/class-wp-block.php on line 295
[04-Dec-2025 17:06:21 UTC] PHP Deprecated:  Using null as an array offset is deprecated, use an empty string instead in /app/www/wp-includes/class-wp-block-type-registry.php on line 168
[04-Dec-2025 17:06:21 UTC] PHP Deprecated:  Using null as an array offset is deprecated, use an empty string instead in /app/www/wp-includes/class-wp-block-type-registry.php on line 168
[04-Dec-2025 17:06:21 UTC] PHP Deprecated:  Using null as an array offset is deprecated, use an empty string instead in /app/www/wp-includes/class-wp-block-type-registry.php on line 168
[04-Dec-2025 17:06:21 UTC] PHP Deprecated:  Using null as an array offset is deprecated, use an empty string instead in /app/www/wp-includes/class-wp-block-type-registry.php on line 168
[04-Dec-2025 17:06:21 UTC] PHP Deprecated:  Using null as an array offset is deprecated, use an empty string instead in /app/www/wp-includes/class-wp-block-type-registry.php on line 168
[04-Dec-2025 17:06:21 UTC] PHP Deprecated:  Using null as an array offset is deprecated, use an empty string instead in /app/www/wp-includes/class-wp-block-type-registry.php on line 168
[04-Dec-2025 17:06:21 UTC] PHP Deprecated:  Using null as an array offset is deprecated, use an empty string instead in /app/www/wp-includes/class-wp-block-type-registry.php on line 168
[04-Dec-2025 17:06:21 UTC] PHP Deprecated:  Using null as an array offset is deprecated, use an empty string instead in /app/www/wp-includes/class-wp-block-type-registry.php on line 168
[04-Dec-2025 17:06:21 UTC] PHP Deprecated:  Using null as an array offset is deprecated, use an empty string instead in /app/www/wp-includes/class-wp-block-type-registry.php on line 168
[04-Dec-2025 17:06:21 UTC] PHP Deprecated:  Using null as an array offset is deprecated, use an empty string instead in /app/www/wp-includes/class-wp-block.php on line 295
[04-Dec-2025 17:06:21 UTC] PHP Deprecated:  Using null as an array offset is deprecated, use an empty string instead in /app/www/wp-includes/class-wp-block-type-registry.php on line 168
[04-Dec-2025 17:06:21 UTC] PHP Deprecated:  Using null as an array offset is deprecated, use an empty string instead in /app/www/wp-includes/class-wp-block-type-registry.php on line 168
[04-Dec-2025 17:06:21 UTC] PHP Deprecated:  Using null as an array offset is deprecated, use an empty string instead in /app/www/wp-includes/class-wp-block-type-registry.php on line 168
[04-Dec-2025 17:06:21 UTC] PHP Deprecated:  Using null as an array offset is deprecated, use an empty string instead in /app/www/wp-includes/class-wp-block-type-registry.php on line 168
[04-Dec-2025 17:06:21 UTC] PHP Deprecated:  Using null as an array offset is deprecated, use an empty string instead in /app/www/wp-includes/class-wp-block-type-registry.php on line 168
[04-Dec-2025 17:06:21 UTC] PHP Deprecated:  Using null as an array offset is deprecated, use an empty string instead in /app/www/wp-includes/class-wp-block-type-registry.php on line 168
[04-Dec-2025 17:06:21 UTC] PHP Deprecated:  Using null as an array offset is deprecated, use an empty string instead in /app/www/wp-includes/class-wp-block-type-registry.php on line 168
[04-Dec-2025 17:06:21 UTC] PHP Deprecated:  Using null as an array offset is deprecated, use an empty string instead in /app/www/wp-includes/class-wp-block-type-registry.php on line 168
[04-Dec-2025 17:06:21 UTC] PHP Deprecated:  Using null as an array offset is deprecated, use an empty string instead in /app/www/wp-includes/class-wp-block-type-registry.php on line 168
[04-Dec-2025 17:06:21 UTC] PHP Deprecated:  Using null as an array offset is deprecated, use an empty string instead in /app/www/wp-includes/class-wp-block.php on line 295
[04-Dec-2025 17:06:21 UTC] PHP Deprecated:  Using null as an array offset is deprecated, use an empty string instead in /app/www/wp-includes/class-wp-block-type-registry.php on line 168
[04-Dec-2025 17:06:21 UTC] PHP Deprecated:  Using null as an array offset is deprecated, use an empty string instead in /app/www/wp-includes/class-wp-block-type-registry.php on line 168
[04-Dec-2025 17:06:21 UTC] PHP Deprecated:  Using null as an array offset is deprecated, use an empty string instead in /app/www/wp-includes/class-wp-block-type-registry.php on line 168
[04-Dec-2025 17:06:21 UTC] PHP Deprecated:  Using null as an array offset is deprecated, use an empty string instead in /app/www/wp-includes/class-wp-block-type-registry.php on line 168
[04-Dec-2025 17:06:21 UTC] PHP Deprecated:  Using null as an array offset is deprecated, use an empty string instead in /app/www/wp-includes/class-wp-block-type-registry.php on line 168
[04-Dec-2025 17:06:21 UTC] PHP Deprecated:  Using null as an array offset is deprecated, use an empty string instead in /app/www/wp-includes/class-wp-block-type-registry.php on line 168
[04-Dec-2025 17:06:21 UTC] PHP Deprecated:  Using null as an array offset is deprecated, use an empty string instead in /app/www/wp-includes/class-wp-block-type-registry.php on line 168
[04-Dec-2025 17:06:21 UTC] PHP Deprecated:  Using null as an array offset is deprecated, use an empty string instead in /app/www/wp-includes/class-wp-block-type-registry.php on line 168
[04-Dec-2025 17:06:21 UTC] PHP Deprecated:  Using null as an array offset is deprecated, use an empty string instead in /app/www/wp-includes/class-wp-block-type-registry.php on line 168
[04-Dec-2025 17:06:21 UTC] PHP Deprecated:  Using null as an array offset is deprecated, use an empty string instead in /app/www/wp-includes/class-wp-block.php on line 295
[04-Dec-2025 17:06:21 UTC] PHP Deprecated:  Using null as an array offset is deprecated, use an empty string instead in /app/www/wp-includes/class-wp-block-type-registry.php on line 168
[04-Dec-2025 17:06:21 UTC] PHP Deprecated:  Using null as an array offset is deprecated, use an empty string instead in /app/www/wp-includes/class-wp-block-type-registry.php on line 168
[04-Dec-2025 17:06:21 UTC] PHP Deprecated:  Using null as an array offset is deprecated, use an empty string instead in /app/www/wp-includes/class-wp-block-type-registry.php on line 168
[04-Dec-2025 17:06:21 UTC] PHP Deprecated:  Using null as an array offset is deprecated, use an empty string instead in /app/www/wp-includes/class-wp-block-type-registry.php on line 168
[04-Dec-2025 17:06:21 UTC] PHP Deprecated:  Using null as an array offset is deprecated, use an empty string instead in /app/www/wp-includes/class-wp-block-type-registry.php on line 168
[04-Dec-2025 17:06:21 UTC] PHP Deprecated:  Using null as an array offset is deprecated, use an empty string instead in /app/www/wp-includes/class-wp-block-type-registry.php on line 168
[04-Dec-2025 17:06:21 UTC] PHP Deprecated:  Using null as an array offset is deprecated, use an empty string instead in /app/www/wp-includes/class-wp-block-type-registry.php on line 168
[04-Dec-2025 17:06:21 UTC] PHP Deprecated:  Using null as an array offset is deprecated, use an empty string instead in /app/www/wp-includes/class-wp-block-type-registry.php on line 168
[04-Dec-2025 17:06:21 UTC] PHP Deprecated:  Using null as an array offset is deprecated, use an empty string instead in /app/www/wp-includes/class-wp-block-type-registry.php on line 168
[04-Dec-2025 17:06:21 UTC] PHP Deprecated:  Using null as an array offset is deprecated, use an empty string instead in /app/www/wp-includes/class-wp-block.php on line 295
[04-Dec-2025 17:06:21 UTC] PHP Deprecated:  Using null as an array offset is deprecated, use an empty string instead in /app/www/wp-includes/class-wp-block-type-registry.php on line 168
[04-Dec-2025 17:06:21 UTC] PHP Deprecated:  Using null as an array offset is deprecated, use an empty string instead in /app/www/wp-includes/class-wp-block-type-registry.php on line 168
[04-Dec-2025 17:06:21 UTC] PHP Deprecated:  Using null as an array offset is deprecated, use an empty string instead in /app/www/wp-includes/class-wp-block-type-registry.php on line 168
[04-Dec-2025 17:06:21 UTC] PHP Deprecated:  Using null as an array offset is deprecated, use an empty string instead in /app/www/wp-includes/class-wp-block-type-registry.php on line 168
[04-Dec-2025 17:06:21 UTC] PHP Deprecated:  Using null as an array offset is deprecated, use an empty string instead in /app/www/wp-includes/class-wp-block-type-registry.php on line 168
[04-Dec-2025 17:06:21 UTC] PHP Deprecated:  Using null as an array offset is deprecated, use an empty string instead in /app/www/wp-includes/class-wp-block-type-registry.php on line 168
[04-Dec-2025 17:06:21 UTC] PHP Deprecated:  Using null as an array offset is deprecated, use an empty string instead in /app/www/wp-includes/class-wp-block-type-registry.php on line 168
[04-Dec-2025 17:06:21 UTC] PHP Deprecated:  Using null as an array offset is deprecated, use an empty string instead in /app/www/wp-includes/class-wp-block-type-registry.php on line 168
[04-Dec-2025 17:06:21 UTC] PHP Deprecated:  Using null as an array offset is deprecated, use an empty string instead in /app/www/wp-includes/class-wp-block-type-registry.php on line 168
[04-Dec-2025 17:06:21 UTC] PHP Deprecated:  Using null as an array offset is deprecated, use an empty string instead in /app/www/wp-includes/class-wp-block.php on line 295
[04-Dec-2025 17:06:21 UTC] PHP Deprecated:  Using null as an array offset is deprecated, use an empty string instead in /app/www/wp-includes/class-wp-block-type-registry.php on line 168
[04-Dec-2025 17:06:21 UTC] PHP Deprecated:  Using null as an array offset is deprecated, use an empty string instead in /app/www/wp-includes/class-wp-block-type-registry.php on line 168
[04-Dec-2025 17:06:21 UTC] PHP Deprecated:  Using null as an array offset is deprecated, use an empty string instead in /app/www/wp-includes/class-wp-block-type-registry.php on line 168
[04-Dec-2025 17:06:21 UTC] PHP Deprecated:  Using null as an array offset is deprecated, use an empty string instead in /app/www/wp-includes/class-wp-block-type-registry.php on line 168
[04-Dec-2025 17:06:21 UTC] PHP Deprecated:  Using null as an array offset is deprecated, use an empty string instead in /app/www/wp-includes/class-wp-block-type-registry.php on line 168
[04-Dec-2025 17:06:21 UTC] PHP Deprecated:  Using null as an array offset is deprecated, use an empty string instead in /app/www/wp-includes/class-wp-block-type-registry.php on line 168
[04-Dec-2025 17:06:21 UTC] PHP Deprecated:  Using null as an array offset is deprecated, use an empty string instead in /app/www/wp-includes/class-wp-block-type-registry.php on line 168
[04-Dec-2025 17:06:21 UTC] PHP Deprecated:  Using null as an array offset is deprecated, use an empty string instead in /app/www/wp-includes/class-wp-block-type-registry.php on line 168
[04-Dec-2025 17:06:21 UTC] PHP Deprecated:  Using null as an array offset is deprecated, use an empty string instead in /app/www/wp-includes/class-wp-block-type-registry.php on line 168
[04-Dec-2025 17:06:21 UTC] PHP Deprecated:  Using null as an array offset is deprecated, use an empty string instead in /app/www/wp-includes/class-wp-block.php on line 295
[04-Dec-2025 17:06:21 UTC] PHP Deprecated:  Using null as an array offset is deprecated, use an empty string instead in /app/www/wp-includes/class-wp-block-type-registry.php on line 168
[04-Dec-2025 17:06:21 UTC] PHP Deprecated:  Using null as an array offset is deprecated, use an empty string instead in /app/www/wp-includes/class-wp-block-type-registry.php on line 168
[04-Dec-2025 17:06:21 UTC] PHP Deprecated:  Using null as an array offset is deprecated, use an empty string instead in /app/www/wp-includes/class-wp-block-type-registry.php on line 168
[04-Dec-2025 17:06:21 UTC] PHP Deprecated:  Using null as an array offset is deprecated, use an empty string instead in /app/www/wp-includes/class-wp-block-type-registry.php on line 168
[04-Dec-2025 17:06:21 UTC] PHP Deprecated:  Using null as an array offset is deprecated, use an empty string instead in /app/www/wp-includes/class-wp-block-type-registry.php on line 168
[04-Dec-2025 17:06:21 UTC] PHP Deprecated:  Using null as an array offset is deprecated, use an empty string instead in /app/www/wp-includes/class-wp-block-type-registry.php on line 168
[04-Dec-2025 17:06:21 UTC] PHP Deprecated:  Using null as an array offset is deprecated, use an empty string instead in /app/www/wp-includes/class-wp-block-type-registry.php on line 168
[04-Dec-2025 17:06:21 UTC] PHP Deprecated:  Using null as an array offset is deprecated, use an empty string instead in /app/www/wp-includes/class-wp-block-type-registry.php on line 168
[04-Dec-2025 17:06:21 UTC] PHP Deprecated:  Using null as an array offset is deprecated, use an empty string instead in /app/www/wp-includes/class-wp-block-type-registry.php on line 168
[04-Dec-2025 17:06:21 UTC] PHP Deprecated:  Using null as an array offset is deprecated, use an empty string instead in /app/www/wp-includes/class-wp-block.php on line 295
[04-Dec-2025 17:06:21 UTC] PHP Deprecated:  Using null as an array offset is deprecated, use an empty string instead in /app/www/wp-includes/class-wp-block-type-registry.php on line 168
[04-Dec-2025 17:06:21 UTC] PHP Deprecated:  Using null as an array offset is deprecated, use an empty string instead in /app/www/wp-includes/class-wp-block-type-registry.php on line 168
[04-Dec-2025 17:06:21 UTC] PHP Deprecated:  Using null as an array offset is deprecated, use an empty string instead in /app/www/wp-includes/class-wp-block-type-registry.php on line 168
[04-Dec-2025 17:06:21 UTC] PHP Deprecated:  Using null as an array offset is deprecated, use an empty string instead in /app/www/wp-includes/class-wp-block-type-registry.php on line 168
[04-Dec-2025 17:06:21 UTC] PHP Deprecated:  Using null as an array offset is deprecated, use an empty string instead in /app/www/wp-includes/class-wp-block-type-registry.php on line 168
[04-Dec-2025 17:06:21 UTC] PHP Deprecated:  Using null as an array offset is deprecated, use an empty string instead in /app/www/wp-includes/class-wp-block-type-registry.php on line 168
[04-Dec-2025 17:06:21 UTC] PHP Deprecated:  Using null as an array offset is deprecated, use an empty string instead in /app/www/wp-includes/class-wp-block-type-registry.php on line 168
[04-Dec-2025 17:06:21 UTC] PHP Deprecated:  Using null as an array offset is deprecated, use an empty string instead in /app/www/wp-includes/class-wp-block-type-registry.php on line 168
[04-Dec-2025 17:06:21 UTC] PHP Deprecated:  Using null as an array offset is deprecated, use an empty string instead in /app/www/wp-includes/class-wp-block-type-registry.php on line 168
[04-Dec-2025 17:06:21 UTC] PHP Deprecated:  Using null as an array offset is deprecated, use an empty string instead in /app/www/wp-includes/class-wp-block.php on line 295
[04-Dec-2025 17:06:21 UTC] PHP Deprecated:  Using null as an array offset is deprecated, use an empty string instead in /app/www/wp-includes/class-wp-block-type-registry.php on line 168
[04-Dec-2025 17:06:21 UTC] PHP Deprecated:  Using null as an array offset is deprecated, use an empty string instead in /app/www/wp-includes/class-wp-block-type-registry.php on line 168
[04-Dec-2025 17:06:21 UTC] PHP Deprecated:  Using null as an array offset is deprecated, use an empty string instead in /app/www/wp-includes/class-wp-block-type-registry.php on line 168
[04-Dec-2025 17:06:21 UTC] PHP Deprecated:  Using null as an array offset is deprecated, use an empty string instead in /app/www/wp-includes/class-wp-block-type-registry.php on line 168
[04-Dec-2025 17:06:21 UTC] PHP Deprecated:  Using null as an array offset is deprecated, use an empty string instead in /app/www/wp-includes/class-wp-block-type-registry.php on line 168
[04-Dec-2025 17:06:21 UTC] PHP Deprecated:  Using null as an array offset is deprecated, use an empty string instead in /app/www/wp-includes/class-wp-theme-json.php on line 2897
[04-Dec-2025 17:06:21 UTC] PHP Fatal error:  Failed to remove coroutine from the list in Unknown on line 0
Stack trace:
#0 {main}
[04-Dec-2025 17:06:21 UTC] PHP Warning:  Graceful shutdown mode was started in Unknown on line 0
[04-Dec-2025 17:06:22 UTC] PHP Fatal error:  Failed to remove coroutine from the list in Unknown on line 0
Stack trace:
#0 {main}
[04-Dec-2025 17:06:22 UTC] PHP Warning:  Graceful shutdown mode was started in Unknown on line 0
[04-Dec-2025 17:06:38 UTC] PHP Deprecated:  Using null as an array offset is deprecated, use an empty string instead in /app/www/wp-includes/class-wp-date-query.php on line 516
[04-Dec-2025 17:06:38 UTC] PHP Deprecated:  Using null as an array offset is deprecated, use an empty string instead in /app/www/wp-includes/class-wp-date-query.php on line 516
[04-Dec-2025 17:06:38 UTC] PHP Deprecated:  Using null as an array offset is deprecated, use an empty string instead in /app/www/wp-includes/class-wp-block-type-registry.php on line 168
[04-Dec-2025 17:06:38 UTC] PHP Deprecated:  Using null as an array offset is deprecated, use an empty string instead in /app/www/wp-includes/class-wp-block-type-registry.php on line 168
[04-Dec-2025 17:06:38 UTC] PHP Deprecated:  Using null as an array offset is deprecated, use an empty string instead in /app/www/wp-includes/class-wp-block-type-registry.php on line 168
[04-Dec-2025 17:06:38 UTC] PHP Deprecated:  Using null as an array offset is deprecated, use an empty string instead in /app/www/wp-includes/class-wp-block-type-registry.php on line 168
[04-Dec-2025 17:06:38 UTC] PHP Deprecated:  Using null as an array offset is deprecated, use an empty string instead in /app/www/wp-includes/class-wp-block.php on line 295
[04-Dec-2025 17:06:38 UTC] PHP Deprecated:  Using null as an array offset is deprecated, use an empty string instead in /app/www/wp-includes/class-wp-block-type-registry.php on line 168
[04-Dec-2025 17:06:38 UTC] PHP Deprecated:  Using null as an array offset is deprecated, use an empty string instead in /app/www/wp-includes/class-wp-block-type-registry.php on line 168
[04-Dec-2025 17:06:38 UTC] PHP Deprecated:  Using null as an array offset is deprecated, use an empty string instead in /app/www/wp-includes/class-wp-block-type-registry.php on line 168
[04-Dec-2025 17:06:38 UTC] PHP Deprecated:  Using null as an array offset is deprecated, use an empty string instead in /app/www/wp-includes/class-wp-block-type-registry.php on line 168
[04-Dec-2025 17:06:38 UTC] PHP Deprecated:  Using null as an array offset is deprecated, use an empty string instead in /app/www/wp-includes/class-wp-block-type-registry.php on line 168
[04-Dec-2025 17:06:38 UTC] PHP Deprecated:  Using null as an array offset is deprecated, use an empty string instead in /app/www/wp-includes/class-wp-block-type-registry.php on line 168
[04-Dec-2025 17:06:38 UTC] PHP Deprecated:  Using null as an array offset is deprecated, use an empty string instead in /app/www/wp-includes/class-wp-block-type-registry.php on line 168
[04-Dec-2025 17:06:38 UTC] PHP Deprecated:  Using null as an array offset is deprecated, use an empty string instead in /app/www/wp-includes/class-wp-block-type-registry.php on line 168
[04-Dec-2025 17:06:38 UTC] PHP Deprecated:  Using null as an array offset is deprecated, use an empty string instead in /app/www/wp-includes/class-wp-block-type-registry.php on line 168
[04-Dec-2025 17:06:38 UTC] PHP Deprecated:  Using null as an array offset is deprecated, use an empty string instead in /app/www/wp-includes/class-wp-block.php on line 295
[04-Dec-2025 17:06:38 UTC] PHP Deprecated:  Using null as an array offset is deprecated, use an empty string instead in /app/www/wp-includes/class-wp-block-type-registry.php on line 168
[04-Dec-2025 17:06:38 UTC] PHP Deprecated:  Using null as an array offset is deprecated, use an empty string instead in /app/www/wp-includes/class-wp-block-type-registry.php on line 168
[04-Dec-2025 17:06:38 UTC] PHP Deprecated:  Using null as an array offset is deprecated, use an empty string instead in /app/www/wp-includes/class-wp-block-type-registry.php on line 168
[04-Dec-2025 17:06:38 UTC] PHP Deprecated:  Using null as an array offset is deprecated, use an empty string instead in /app/www/wp-includes/class-wp-block-type-registry.php on line 168
[04-Dec-2025 17:06:38 UTC] PHP Deprecated:  Using null as an array offset is deprecated, use an empty string instead in /app/www/wp-includes/class-wp-block-type-registry.php on line 168
[04-Dec-2025 17:06:38 UTC] PHP Deprecated:  Using null as an array offset is deprecated, use an empty string instead in /app/www/wp-includes/class-wp-block-type-registry.php on line 168
[04-Dec-2025 17:06:38 UTC] PHP Deprecated:  Using null as an array offset is deprecated, use an empty string instead in /app/www/wp-includes/class-wp-block-type-registry.php on line 168
[04-Dec-2025 17:06:38 UTC] PHP Deprecated:  Using null as an array offset is deprecated, use an empty string instead in /app/www/wp-includes/class-wp-block-type-registry.php on line 168
[04-Dec-2025 17:06:38 UTC] PHP Deprecated:  Using null as an array offset is deprecated, use an empty string instead in /app/www/wp-includes/class-wp-block-type-registry.php on line 168
[04-Dec-2025 17:06:38 UTC] PHP Deprecated:  Using null as an array offset is deprecated, use an empty string instead in /app/www/wp-includes/class-wp-block.php on line 295
[04-Dec-2025 17:06:38 UTC] PHP Deprecated:  Using null as an array offset is deprecated, use an empty string instead in /app/www/wp-includes/class-wp-block-type-registry.php on line 168
[04-Dec-2025 17:06:38 UTC] PHP Deprecated:  Using null as an array offset is deprecated, use an empty string instead in /app/www/wp-includes/class-wp-block-type-registry.php on line 168
[04-Dec-2025 17:06:38 UTC] PHP Deprecated:  Using null as an array offset is deprecated, use an empty string instead in /app/www/wp-includes/class-wp-block-type-registry.php on line 168
[04-Dec-2025 17:06:38 UTC] PHP Deprecated:  Using null as an array offset is deprecated, use an empty string instead in /app/www/wp-includes/class-wp-block-type-registry.php on line 168
[04-Dec-2025 17:06:38 UTC] PHP Deprecated:  Using null as an array offset is deprecated, use an empty string instead in /app/www/wp-includes/class-wp-block-type-registry.php on line 168
[04-Dec-2025 17:06:38 UTC] PHP Deprecated:  Using null as an array offset is deprecated, use an empty string instead in /app/www/wp-includes/class-wp-block-type-registry.php on line 168
[04-Dec-2025 17:06:38 UTC] PHP Deprecated:  Using null as an array offset is deprecated, use an empty string instead in /app/www/wp-includes/class-wp-block-type-registry.php on line 168
[04-Dec-2025 17:06:38 UTC] PHP Deprecated:  Using null as an array offset is deprecated, use an empty string instead in /app/www/wp-includes/class-wp-block-type-registry.php on line 168
[04-Dec-2025 17:06:38 UTC] PHP Deprecated:  Using null as an array offset is deprecated, use an empty string instead in /app/www/wp-includes/class-wp-block-type-registry.php on line 168
[04-Dec-2025 17:06:38 UTC] PHP Deprecated:  Using null as an array offset is deprecated, use an empty string instead in /app/www/wp-includes/class-wp-block.php on line 295
[04-Dec-2025 17:06:38 UTC] PHP Deprecated:  Using null as an array offset is deprecated, use an empty string instead in /app/www/wp-includes/class-wp-block-type-registry.php on line 168
[04-Dec-2025 17:06:38 UTC] PHP Deprecated:  Using null as an array offset is deprecated, use an empty string instead in /app/www/wp-includes/class-wp-block-type-registry.php on line 168
[04-Dec-2025 17:06:38 UTC] PHP Deprecated:  Using null as an array offset is deprecated, use an empty string instead in /app/www/wp-includes/class-wp-block-type-registry.php on line 168
[04-Dec-2025 17:06:38 UTC] PHP Deprecated:  Using null as an array offset is deprecated, use an empty string instead in /app/www/wp-includes/class-wp-block-type-registry.php on line 168
[04-Dec-2025 17:06:38 UTC] PHP Deprecated:  Using null as an array offset is deprecated, use an empty string instead in /app/www/wp-includes/class-wp-block-type-registry.php on line 168
[04-Dec-2025 17:06:38 UTC] PHP Deprecated:  Using null as an array offset is deprecated, use an empty string instead in /app/www/wp-includes/class-wp-block-type-registry.php on line 168
[04-Dec-2025 17:06:38 UTC] PHP Deprecated:  Using null as an array offset is deprecated, use an empty string instead in /app/www/wp-includes/class-wp-block-type-registry.php on line 168
[04-Dec-2025 17:06:38 UTC] PHP Deprecated:  Using null as an array offset is deprecated, use an empty string instead in /app/www/wp-includes/class-wp-block-type-registry.php on line 168
[04-Dec-2025 17:06:38 UTC] PHP Deprecated:  Using null as an array offset is deprecated, use an empty string instead in /app/www/wp-includes/class-wp-block-type-registry.php on line 168
[04-Dec-2025 17:06:38 UTC] PHP Deprecated:  Using null as an array offset is deprecated, use an empty string instead in /app/www/wp-includes/class-wp-block.php on line 295
[04-Dec-2025 17:06:38 UTC] PHP Deprecated:  Using null as an array offset is deprecated, use an empty string instead in /app/www/wp-includes/class-wp-block-type-registry.php on line 168
[04-Dec-2025 17:06:38 UTC] PHP Deprecated:  Using null as an array offset is deprecated, use an empty string instead in /app/www/wp-includes/class-wp-block-type-registry.php on line 168
[04-Dec-2025 17:06:38 UTC] PHP Deprecated:  Using null as an array offset is deprecated, use an empty string instead in /app/www/wp-includes/class-wp-block-type-registry.php on line 168
[04-Dec-2025 17:06:38 UTC] PHP Deprecated:  Using null as an array offset is deprecated, use an empty string instead in /app/www/wp-includes/class-wp-block-type-registry.php on line 168
[04-Dec-2025 17:06:38 UTC] PHP Deprecated:  Using null as an array offset is deprecated, use an empty string instead in /app/www/wp-includes/class-wp-block-type-registry.php on line 168
[04-Dec-2025 17:06:38 UTC] PHP Deprecated:  Using null as an array offset is deprecated, use an empty string instead in /app/www/wp-includes/class-wp-block-type-registry.php on line 168
[04-Dec-2025 17:06:38 UTC] PHP Deprecated:  Using null as an array offset is deprecated, use an empty string instead in /app/www/wp-includes/class-wp-block-type-registry.php on line 168
[04-Dec-2025 17:06:38 UTC] PHP Deprecated:  Using null as an array offset is deprecated, use an empty string instead in /app/www/wp-includes/class-wp-block-type-registry.php on line 168
[04-Dec-2025 17:06:38 UTC] PHP Deprecated:  Using null as an array offset is deprecated, use an empty string instead in /app/www/wp-includes/class-wp-block-type-registry.php on line 168
[04-Dec-2025 17:06:38 UTC] PHP Deprecated:  Using null as an array offset is deprecated, use an empty string instead in /app/www/wp-includes/class-wp-block.php on line 295
[04-Dec-2025 17:06:38 UTC] PHP Deprecated:  Using null as an array offset is deprecated, use an empty string instead in /app/www/wp-includes/class-wp-block-type-registry.php on line 168
[04-Dec-2025 17:06:38 UTC] PHP Deprecated:  Using null as an array offset is deprecated, use an empty string instead in /app/www/wp-includes/class-wp-block-type-registry.php on line 168
[04-Dec-2025 17:06:38 UTC] PHP Deprecated:  Using null as an array offset is deprecated, use an empty string instead in /app/www/wp-includes/class-wp-block-type-registry.php on line 168
[04-Dec-2025 17:06:38 UTC] PHP Deprecated:  Using null as an array offset is deprecated, use an empty string instead in /app/www/wp-includes/class-wp-block-type-registry.php on line 168
[04-Dec-2025 17:06:38 UTC] PHP Deprecated:  Using null as an array offset is deprecated, use an empty string instead in /app/www/wp-includes/class-wp-block-type-registry.php on line 168
[04-Dec-2025 17:06:38 UTC] PHP Deprecated:  Using null as an array offset is deprecated, use an empty string instead in /app/www/wp-includes/class-wp-block-type-registry.php on line 168
[04-Dec-2025 17:06:38 UTC] PHP Deprecated:  Using null as an array offset is deprecated, use an empty string instead in /app/www/wp-includes/class-wp-block-type-registry.php on line 168
[04-Dec-2025 17:06:38 UTC] PHP Deprecated:  Using null as an array offset is deprecated, use an empty string instead in /app/www/wp-includes/class-wp-block-type-registry.php on line 168
[04-Dec-2025 17:06:38 UTC] PHP Deprecated:  Using null as an array offset is deprecated, use an empty string instead in /app/www/wp-includes/class-wp-block-type-registry.php on line 168
[04-Dec-2025 17:06:38 UTC] PHP Deprecated:  Using null as an array offset is deprecated, use an empty string instead in /app/www/wp-includes/class-wp-block.php on line 295
[04-Dec-2025 17:06:38 UTC] PHP Deprecated:  Using null as an array offset is deprecated, use an empty string instead in /app/www/wp-includes/class-wp-block-type-registry.php on line 168
[04-Dec-2025 17:06:38 UTC] PHP Deprecated:  Using null as an array offset is deprecated, use an empty string instead in /app/www/wp-includes/class-wp-block-type-registry.php on line 168
[04-Dec-2025 17:06:38 UTC] PHP Deprecated:  Using null as an array offset is deprecated, use an empty string instead in /app/www/wp-includes/class-wp-block-type-registry.php on line 168
[04-Dec-2025 17:06:38 UTC] PHP Deprecated:  Using null as an array offset is deprecated, use an empty string instead in /app/www/wp-includes/class-wp-block-type-registry.php on line 168
[04-Dec-2025 17:06:38 UTC] PHP Deprecated:  Using null as an array offset is deprecated, use an empty string instead in /app/www/wp-includes/class-wp-block-type-registry.php on line 168
[04-Dec-2025 17:06:38 UTC] PHP Deprecated:  Using null as an array offset is deprecated, use an empty string instead in /app/www/wp-includes/class-wp-theme-json.php on line 2897
[04-Dec-2025 17:06:38 UTC] PHP Deprecated:  Using null as an array offset is deprecated, use an empty string instead in /app/www/wp-includes/class-wp-theme-json.php on line 2897
[04-Dec-2025 17:06:38 UTC] PHP Deprecated:  Using null as an array offset is deprecated, use an empty string instead in /app/www/wp-includes/class-wp-block-type-registry.php on line 168
[04-Dec-2025 17:06:38 UTC] PHP Deprecated:  Using null as an array offset is deprecated, use an empty string instead in /app/www/wp-includes/class-wp-block-type-registry.php on line 168
[04-Dec-2025 17:06:38 UTC] PHP Deprecated:  Using null as an array offset is deprecated, use an empty string instead in /app/www/wp-includes/class-wp-block-type-registry.php on line 168
[04-Dec-2025 17:06:38 UTC] PHP Deprecated:  Using null as an array offset is deprecated, use an empty string instead in /app/www/wp-includes/class-wp-block-type-registry.php on line 168
[04-Dec-2025 17:06:38 UTC] PHP Deprecated:  Using null as an array offset is deprecated, use an empty string instead in /app/www/wp-includes/class-wp-block.php on line 295
[04-Dec-2025 17:06:38 UTC] PHP Deprecated:  Using null as an array offset is deprecated, use an empty string instead in /app/www/wp-includes/class-wp-block-type-registry.php on line 168
[04-Dec-2025 17:06:38 UTC] PHP Deprecated:  Using null as an array offset is deprecated, use an empty string instead in /app/www/wp-includes/class-wp-block-type-registry.php on line 168
[04-Dec-2025 17:06:38 UTC] PHP Deprecated:  Using null as an array offset is deprecated, use an empty string instead in /app/www/wp-includes/class-wp-block-type-registry.php on line 168
[04-Dec-2025 17:06:38 UTC] PHP Deprecated:  Using null as an array offset is deprecated, use an empty string instead in /app/www/wp-includes/class-wp-block-type-registry.php on line 168
[04-Dec-2025 17:06:38 UTC] PHP Deprecated:  Using null as an array offset is deprecated, use an empty string instead in /app/www/wp-includes/class-wp-block-type-registry.php on line 168
[04-Dec-2025 17:06:38 UTC] PHP Deprecated:  Using null as an array offset is deprecated, use an empty string instead in /app/www/wp-includes/class-wp-block-type-registry.php on line 168
[04-Dec-2025 17:06:38 UTC] PHP Deprecated:  Using null as an array offset is deprecated, use an empty string instead in /app/www/wp-includes/class-wp-block-type-registry.php on line 168
[04-Dec-2025 17:06:38 UTC] PHP Deprecated:  Using null as an array offset is deprecated, use an empty string instead in /app/www/wp-includes/class-wp-block-type-registry.php on line 168
[04-Dec-2025 17:06:38 UTC] PHP Deprecated:  Using null as an array offset is deprecated, use an empty string instead in /app/www/wp-includes/class-wp-block-type-registry.php on line 168
[04-Dec-2025 17:06:38 UTC] PHP Deprecated:  Using null as an array offset is deprecated, use an empty string instead in /app/www/wp-includes/class-wp-block.php on line 295
[04-Dec-2025 17:06:38 UTC] PHP Deprecated:  Using null as an array offset is deprecated, use an empty string instead in /app/www/wp-includes/class-wp-block-type-registry.php on line 168
[04-Dec-2025 17:06:38 UTC] PHP Deprecated:  Using null as an array offset is deprecated, use an empty string instead in /app/www/wp-includes/class-wp-block-type-registry.php on line 168
[04-Dec-2025 17:06:38 UTC] PHP Deprecated:  Using null as an array offset is deprecated, use an empty string instead in /app/www/wp-includes/class-wp-block-type-registry.php on line 168
[04-Dec-2025 17:06:38 UTC] PHP Deprecated:  Using null as an array offset is deprecated, use an empty string instead in /app/www/wp-includes/class-wp-block-type-registry.php on line 168
[04-Dec-2025 17:06:38 UTC] PHP Deprecated:  Using null as an array offset is deprecated, use an empty string instead in /app/www/wp-includes/class-wp-block-type-registry.php on line 168
[04-Dec-2025 17:06:38 UTC] PHP Deprecated:  Using null as an array offset is deprecated, use an empty string instead in /app/www/wp-includes/class-wp-block-type-registry.php on line 168
[04-Dec-2025 17:06:38 UTC] PHP Deprecated:  Using null as an array offset is deprecated, use an empty string instead in /app/www/wp-includes/class-wp-block-type-registry.php on line 168
[04-Dec-2025 17:06:38 UTC] PHP Deprecated:  Using null as an array offset is deprecated, use an empty string instead in /app/www/wp-includes/class-wp-block-type-registry.php on line 168
[04-Dec-2025 17:06:38 UTC] PHP Deprecated:  Using null as an array offset is deprecated, use an empty string instead in /app/www/wp-includes/class-wp-block-type-registry.php on line 168
[04-Dec-2025 17:06:38 UTC] PHP Deprecated:  Using null as an array offset is deprecated, use an empty string instead in /app/www/wp-includes/class-wp-block.php on line 295
[04-Dec-2025 17:06:38 UTC] PHP Deprecated:  Using null as an array offset is deprecated, use an empty string instead in /app/www/wp-includes/class-wp-block-type-registry.php on line 168
[04-Dec-2025 17:06:38 UTC] PHP Deprecated:  Using null as an array offset is deprecated, use an empty string instead in /app/www/wp-includes/class-wp-block-type-registry.php on line 168
[04-Dec-2025 17:06:38 UTC] PHP Deprecated:  Using null as an array offset is deprecated, use an empty string instead in /app/www/wp-includes/class-wp-block-type-registry.php on line 168
[04-Dec-2025 17:06:38 UTC] PHP Deprecated:  Using null as an array offset is deprecated, use an empty string instead in /app/www/wp-includes/class-wp-block-type-registry.php on line 168
[04-Dec-2025 17:06:38 UTC] PHP Deprecated:  Using null as an array offset is deprecated, use an empty string instead in /app/www/wp-includes/class-wp-block-type-registry.php on line 168
[04-Dec-2025 17:06:38 UTC] PHP Deprecated:  Using null as an array offset is deprecated, use an empty string instead in /app/www/wp-includes/class-wp-block-type-registry.php on line 168
[04-Dec-2025 17:06:38 UTC] PHP Deprecated:  Using null as an array offset is deprecated, use an empty string instead in /app/www/wp-includes/class-wp-block-type-registry.php on line 168
[04-Dec-2025 17:06:38 UTC] PHP Deprecated:  Using null as an array offset is deprecated, use an empty string instead in /app/www/wp-includes/class-wp-block-type-registry.php on line 168
[04-Dec-2025 17:06:38 UTC] PHP Deprecated:  Using null as an array offset is deprecated, use an empty string instead in /app/www/wp-includes/class-wp-block-type-registry.php on line 168
[04-Dec-2025 17:06:38 UTC] PHP Deprecated:  Using null as an array offset is deprecated, use an empty string instead in /app/www/wp-includes/class-wp-block.php on line 295
[04-Dec-2025 17:06:38 UTC] PHP Deprecated:  Using null as an array offset is deprecated, use an empty string instead in /app/www/wp-includes/class-wp-block-type-registry.php on line 168
[04-Dec-2025 17:06:38 UTC] PHP Deprecated:  Using null as an array offset is deprecated, use an empty string instead in /app/www/wp-includes/class-wp-block-type-registry.php on line 168
[04-Dec-2025 17:06:39 UTC] PHP Deprecated:  Using null as an array offset is deprecated, use an empty string instead in /app/www/wp-includes/class-wp-block-type-registry.php on line 168
[04-Dec-2025 17:06:39 UTC] PHP Deprecated:  Using null as an array offset is deprecated, use an empty string instead in /app/www/wp-includes/class-wp-block-type-registry.php on line 168
[04-Dec-2025 17:06:39 UTC] PHP Deprecated:  Using null as an array offset is deprecated, use an empty string instead in /app/www/wp-includes/class-wp-block-type-registry.php on line 168
[04-Dec-2025 17:06:39 UTC] PHP Deprecated:  Using null as an array offset is deprecated, use an empty string instead in /app/www/wp-includes/class-wp-block-type-registry.php on line 168
[04-Dec-2025 17:06:39 UTC] PHP Deprecated:  Using null as an array offset is deprecated, use an empty string instead in /app/www/wp-includes/class-wp-block-type-registry.php on line 168
[04-Dec-2025 17:06:39 UTC] PHP Deprecated:  Using null as an array offset is deprecated, use an empty string instead in /app/www/wp-includes/class-wp-block-type-registry.php on line 168
[04-Dec-2025 17:06:39 UTC] PHP Deprecated:  Using null as an array offset is deprecated, use an empty string instead in /app/www/wp-includes/class-wp-block-type-registry.php on line 168
[04-Dec-2025 17:06:39 UTC] PHP Deprecated:  Using null as an array offset is deprecated, use an empty string instead in /app/www/wp-includes/class-wp-block.php on line 295
[04-Dec-2025 17:06:39 UTC] PHP Deprecated:  Using null as an array offset is deprecated, use an empty string instead in /app/www/wp-includes/class-wp-block-type-registry.php on line 168
[04-Dec-2025 17:06:39 UTC] PHP Deprecated:  Using null as an array offset is deprecated, use an empty string instead in /app/www/wp-includes/class-wp-block-type-registry.php on line 168
[04-Dec-2025 17:06:39 UTC] PHP Deprecated:  Using null as an array offset is deprecated, use an empty string instead in /app/www/wp-includes/class-wp-block-type-registry.php on line 168
[04-Dec-2025 17:06:39 UTC] PHP Deprecated:  Using null as an array offset is deprecated, use an empty string instead in /app/www/wp-includes/class-wp-block-type-registry.php on line 168
[04-Dec-2025 17:06:39 UTC] PHP Deprecated:  Using null as an array offset is deprecated, use an empty string instead in /app/www/wp-includes/class-wp-block-type-registry.php on line 168
[04-Dec-2025 17:06:39 UTC] PHP Deprecated:  Using null as an array offset is deprecated, use an empty string instead in /app/www/wp-includes/class-wp-block-type-registry.php on line 168
[04-Dec-2025 17:06:39 UTC] PHP Deprecated:  Using null as an array offset is deprecated, use an empty string instead in /app/www/wp-includes/class-wp-block-type-registry.php on line 168
[04-Dec-2025 17:06:39 UTC] PHP Deprecated:  Using null as an array offset is deprecated, use an empty string instead in /app/www/wp-includes/class-wp-block-type-registry.php on line 168
[04-Dec-2025 17:06:39 UTC] PHP Deprecated:  Using null as an array offset is deprecated, use an empty string instead in /app/www/wp-includes/class-wp-block-type-registry.php on line 168
[04-Dec-2025 17:06:39 UTC] PHP Deprecated:  Using null as an array offset is deprecated, use an empty string instead in /app/www/wp-includes/class-wp-block.php on line 295
[04-Dec-2025 17:06:39 UTC] PHP Deprecated:  Using null as an array offset is deprecated, use an empty string instead in /app/www/wp-includes/class-wp-block-type-registry.php on line 168
[04-Dec-2025 17:06:39 UTC] PHP Deprecated:  Using null as an array offset is deprecated, use an empty string instead in /app/www/wp-includes/class-wp-block-type-registry.php on line 168
[04-Dec-2025 17:06:39 UTC] PHP Deprecated:  Using null as an array offset is deprecated, use an empty string instead in /app/www/wp-includes/class-wp-block-type-registry.php on line 168
[04-Dec-2025 17:06:39 UTC] PHP Deprecated:  Using null as an array offset is deprecated, use an empty string instead in /app/www/wp-includes/class-wp-block-type-registry.php on line 168
[04-Dec-2025 17:06:39 UTC] PHP Deprecated:  Using null as an array offset is deprecated, use an empty string instead in /app/www/wp-includes/class-wp-block-type-registry.php on line 168
[04-Dec-2025 17:06:39 UTC] PHP Deprecated:  Using null as an array offset is deprecated, use an empty string instead in /app/www/wp-includes/class-wp-block-type-registry.php on line 168
[04-Dec-2025 17:06:39 UTC] PHP Deprecated:  Using null as an array offset is deprecated, use an empty string instead in /app/www/wp-includes/class-wp-block-type-registry.php on line 168
[04-Dec-2025 17:06:39 UTC] PHP Deprecated:  Using null as an array offset is deprecated, use an empty string instead in /app/www/wp-includes/class-wp-block-type-registry.php on line 168
[04-Dec-2025 17:06:39 UTC] PHP Deprecated:  Using null as an array offset is deprecated, use an empty string instead in /app/www/wp-includes/class-wp-block-type-registry.php on line 168
[04-Dec-2025 17:06:39 UTC] PHP Deprecated:  Using null as an array offset is deprecated, use an empty string instead in /app/www/wp-includes/class-wp-block.php on line 295
[04-Dec-2025 17:06:39 UTC] PHP Deprecated:  Using null as an array offset is deprecated, use an empty string instead in /app/www/wp-includes/class-wp-block-type-registry.php on line 168
[04-Dec-2025 17:06:39 UTC] PHP Deprecated:  Using null as an array offset is deprecated, use an empty string instead in /app/www/wp-includes/class-wp-block-type-registry.php on line 168
[04-Dec-2025 17:06:39 UTC] PHP Deprecated:  Using null as an array offset is deprecated, use an empty string instead in /app/www/wp-includes/class-wp-block-type-registry.php on line 168
[04-Dec-2025 17:06:39 UTC] PHP Deprecated:  Using null as an array offset is deprecated, use an empty string instead in /app/www/wp-includes/class-wp-block-type-registry.php on line 168
[04-Dec-2025 17:06:39 UTC] PHP Deprecated:  Using null as an array offset is deprecated, use an empty string instead in /app/www/wp-includes/class-wp-block-type-registry.php on line 168
[04-Dec-2025 17:06:39 UTC] PHP Deprecated:  Using null as an array offset is deprecated, use an empty string instead in /app/www/wp-includes/class-wp-theme-json.php on line 2897
[04-Dec-2025 17:06:39 UTC] PHP Fatal error:  Failed to remove coroutine from the list in Unknown on line 0
Stack trace:
#0 {main}
[04-Dec-2025 17:06:39 UTC] PHP Warning:  Graceful shutdown mode was started in Unknown on line 0
[04-Dec-2025 17:06:40 UTC] PHP Fatal error:  Failed to remove coroutine from the list in Unknown on line 0
Stack trace:
#0 {main}
[04-Dec-2025 17:06:40 UTC] PHP Warning:  Graceful shutdown mode was started in Unknown on line 0
